#
# There is insufficient memory for the Java Runtime Environment to continue.
# Native memory allocation (malloc) failed to allocate 2438256 bytes. Error detail: Chunk::new
# Possible reasons:
#   The system is out of physical RAM or swap space
#   This process is running with CompressedOops enabled, and the Java Heap may be blocking the growth of the native heap
# Possible solutions:
#   Reduce memory load on the system
#   Increase physical memory or swap space
#   Check if swap backing store is full
#   Decrease Java heap size (-Xmx/-Xms)
#   Decrease number of Java threads
#   Decrease Java thread stack sizes (-Xss)
#   Set larger code cache with -XX:ReservedCodeCacheSize=
#   JVM is running with Unscaled Compressed Oops mode in which the Java heap is
#     placed in the first 4GB address space. The Java Heap base address is the
#     maximum limit for the native heap growth. Please use -XX:HeapBaseMinAddress
#     to set the Java Heap base and to place the Java Heap above 4GB virtual address.
# This output file may be truncated or incomplete.
#
#  Out of Memory Error (arena.cpp:162), pid=6044, tid=24840
#
# JRE version: OpenJDK Runtime Environment (24.0.2+12) (build 24.0.2+12-54)
# Java VM: OpenJDK 64-Bit Server VM (24.0.2+12-54, mixed mode, sharing, tiered, compressed oops, compressed class ptrs, g1 gc, windows-amd64)
# No core dump will be written. Minidumps are not enabled by default on client versions of Windows
#

---------------  S U M M A R Y ------------

Command Line: --add-opens=java.base/java.lang=ALL-UNNAMED --add-opens=java.base/java.lang.invoke=ALL-UNNAMED --add-opens=java.base/java.util=ALL-UNNAMED --add-opens=java.prefs/java.util.prefs=ALL-UNNAMED --add-exports=jdk.compiler/com.sun.tools.javac.api=ALL-UNNAMED --add-exports=jdk.compiler/com.sun.tools.javac.util=ALL-UNNAMED --add-opens=java.base/java.util=ALL-UNNAMED --add-opens=java.prefs/java.util.prefs=ALL-UNNAMED --add-opens=java.base/java.nio.charset=ALL-UNNAMED --add-opens=java.base/java.net=ALL-UNNAMED --add-opens=java.base/java.util.concurrent.atomic=ALL-UNNAMED --add-opens=java.xml/javax.xml.namespace=ALL-UNNAMED --enable-native-access=ALL-UNNAMED -XX:MaxMetaspaceSize=384m -XX:+HeapDumpOnOutOfMemoryError -Xms256m -Xmx512m -Dfile.encoding=UTF-8 -Duser.country=AU -Duser.language=en -Duser.variant -javaagent:C:\Users\victo\.gradle\wrapper\dists\gradle-8.14-bin\38aieal9i53h9rfe7vjup95b9\gradle-8.14\lib\agents\gradle-instrumentation-agent-8.14.jar org.gradle.launcher.daemon.bootstrap.GradleDaemon 8.14

Host: AMD Ryzen 7 5800H with Radeon Graphics         , 16 cores, 5G,  Windows 11 , 64 bit Build 22621 (10.0.22621.5415)
Time: Tue Sep  2 20:49:49 2025 GTB Daylight Time elapsed time: 5.701213 seconds (0d 0h 0m 5s)

---------------  T H R E A D  ---------------

Current thread (0x0000023b9502f630):  JavaThread "C2 CompilerThread0" daemon [_thread_in_native, id=24840, stack(0x000000cd17300000,0x000000cd17400000) (1024K)]


Current CompileTask:
C2:5701 4779   !   4       java.lang.ClassLoader::loadClass (121 bytes)

Stack: [0x000000cd17300000,0x000000cd17400000]
Native frames: (J=compiled Java code, j=interpreted, Vv=VM code, C=native code)
V  [jvm.dll+0x730829]  (no source info available)
V  [jvm.dll+0x8d9da3]  (no source info available)
V  [jvm.dll+0x8dc28d]  (no source info available)
V  [jvm.dll+0x8dc903]  (no source info available)
V  [jvm.dll+0x2a9f56]  (no source info available)
V  [jvm.dll+0xced7f]  (no source info available)
V  [jvm.dll+0xcefdf]  (no source info available)
V  [jvm.dll+0x3f3642]  (no source info available)
V  [jvm.dll+0x205fb5]  (no source info available)
V  [jvm.dll+0x26f6b0]  (no source info available)
V  [jvm.dll+0x26e8ff]  (no source info available)
V  [jvm.dll+0x1e9c90]  (no source info available)
V  [jvm.dll+0x27e0cb]  (no source info available)
V  [jvm.dll+0x27c36a]  (no source info available)
V  [jvm.dll+0x42f396]  (no source info available)
V  [jvm.dll+0x87d9eb]  (no source info available)
V  [jvm.dll+0x72ef45]  (no source info available)
C  [ucrtbase.dll+0x29333]  (no source info available)
C  [KERNEL32.DLL+0x1259d]  (no source info available)
C  [ntdll.dll+0x5af78]  (no source info available)

Lock stack of current Java thread (top to bottom):


---------------  P R O C E S S  ---------------

Threads class SMR info:
_java_thread_list=0x0000023b9d2a4820, length=36, elements={
0x0000023bddca13e0, 0x0000023b9501c860, 0x0000023b9501cfa0, 0x0000023b9501da70,
0x0000023b9501e820, 0x0000023b9501f480, 0x0000023b95025ba0, 0x0000023b9502f630,
0x0000023b950301b0, 0x0000023b950e4170, 0x0000023b9522e900, 0x0000023b952bedc0,
0x0000023b9a520960, 0x0000023b9af989b0, 0x0000023b9afe57e0, 0x0000023b9b0222f0,
0x0000023b9b1a0a20, 0x0000023b9b150d30, 0x0000023b9b152a70, 0x0000023b9b152320,
0x0000023b9b1531c0, 0x0000023b9b151480, 0x0000023b9b151bd0, 0x0000023b9b154060,
0x0000023b9b3ef910, 0x0000023b9b3f1650, 0x0000023b9b3ebe90, 0x0000023b9b3f24f0,
0x0000023b9b3f0f00, 0x0000023b9b3edbd0, 0x0000023b9b3f2c40, 0x0000023b9b3f3390,
0x0000023b9b3f07b0, 0x0000023b9b3ecd30, 0x0000023b9b3ed480, 0x0000023b9b3ee320
}

Java Threads: ( => current thread )
  0x0000023bddca13e0 JavaThread "main"                              [_thread_blocked, id=27152, stack(0x000000cd16500000,0x000000cd16600000) (1024K)]
  0x0000023b9501c860 JavaThread "Reference Handler"          daemon [_thread_blocked, id=16748, stack(0x000000cd16d00000,0x000000cd16e00000) (1024K)]
  0x0000023b9501cfa0 JavaThread "Finalizer"                  daemon [_thread_blocked, id=2716, stack(0x000000cd16e00000,0x000000cd16f00000) (1024K)]
  0x0000023b9501da70 JavaThread "Signal Dispatcher"          daemon [_thread_blocked, id=14572, stack(0x000000cd16f00000,0x000000cd17000000) (1024K)]
  0x0000023b9501e820 JavaThread "Attach Listener"            daemon [_thread_blocked, id=17532, stack(0x000000cd17000000,0x000000cd17100000) (1024K)]
  0x0000023b9501f480 JavaThread "Service Thread"             daemon [_thread_blocked, id=8900, stack(0x000000cd17100000,0x000000cd17200000) (1024K)]
  0x0000023b95025ba0 JavaThread "Monitor Deflation Thread"   daemon [_thread_blocked, id=21212, stack(0x000000cd17200000,0x000000cd17300000) (1024K)]
=>0x0000023b9502f630 JavaThread "C2 CompilerThread0"         daemon [_thread_in_native, id=24840, stack(0x000000cd17300000,0x000000cd17400000) (1024K)]
  0x0000023b950301b0 JavaThread "C1 CompilerThread0"         daemon [_thread_blocked, id=24632, stack(0x000000cd17400000,0x000000cd17500000) (1024K)]
  0x0000023b950e4170 JavaThread "C1 CompilerThread1"         daemon [_thread_blocked, id=10232, stack(0x000000cd17500000,0x000000cd17600000) (1024K)]
  0x0000023b9522e900 JavaThread "Common-Cleaner"             daemon [_thread_blocked, id=21152, stack(0x000000cd17600000,0x000000cd17700000) (1024K)]
  0x0000023b952bedc0 JavaThread "Notification Thread"        daemon [_thread_blocked, id=15912, stack(0x000000cd17700000,0x000000cd17800000) (1024K)]
  0x0000023b9a520960 JavaThread "C1 CompilerThread2"         daemon [_thread_blocked, id=19404, stack(0x000000cd17800000,0x000000cd17900000) (1024K)]
  0x0000023b9af989b0 JavaThread "Daemon health stats"               [_thread_blocked, id=22660, stack(0x000000cd17e00000,0x000000cd17f00000) (1024K)]
  0x0000023b9afe57e0 JavaThread "Incoming local TCP Connector on port 59214"        [_thread_in_native, id=25556, stack(0x000000cd17f00000,0x000000cd18000000) (1024K)]
  0x0000023b9b0222f0 JavaThread "Daemon periodic checks"            [_thread_blocked, id=4296, stack(0x000000cd18000000,0x000000cd18100000) (1024K)]
  0x0000023b9b1a0a20 JavaThread "Daemon"                            [_thread_blocked, id=17432, stack(0x000000cd18100000,0x000000cd18200000) (1024K)]
  0x0000023b9b150d30 JavaThread "Handler for socket connection from /127.0.0.1:59214 to /127.0.0.1:59215"        [_thread_in_native, id=4104, stack(0x000000cd18200000,0x000000cd18300000) (1024K)]
  0x0000023b9b152a70 JavaThread "Cancel handler"                    [_thread_blocked, id=9960, stack(0x000000cd18300000,0x000000cd18400000) (1024K)]
  0x0000023b9b152320 JavaThread "Daemon worker"                     [_thread_in_vm, id=3348, stack(0x000000cd18400000,0x000000cd18500000) (1024K)]
  0x0000023b9b1531c0 JavaThread "Asynchronous log dispatcher for DefaultDaemonConnection: socket connection from /127.0.0.1:59214 to /127.0.0.1:59215"        [_thread_blocked, id=20812, stack(0x000000cd18500000,0x000000cd18600000) (1024K)]
  0x0000023b9b151480 JavaThread "Stdin handler"                     [_thread_blocked, id=23728, stack(0x000000cd18600000,0x000000cd18700000) (1024K)]
  0x0000023b9b151bd0 JavaThread "Daemon client event forwarder"        [_thread_blocked, id=21508, stack(0x000000cd18700000,0x000000cd18800000) (1024K)]
  0x0000023b9b154060 JavaThread "Cache worker for journal cache (C:\Users\victo\.gradle\caches\journal-1)"        [_thread_blocked, id=20576, stack(0x000000cd18800000,0x000000cd18900000) (1024K)]
  0x0000023b9b3ef910 JavaThread "File lock request listener"        [_thread_in_native, id=21136, stack(0x000000cd18900000,0x000000cd18a00000) (1024K)]
  0x0000023b9b3f1650 JavaThread "Cache worker for file hash cache (C:\Users\victo\.gradle\caches\8.14\fileHashes)"        [_thread_blocked, id=1020, stack(0x000000cd18a00000,0x000000cd18b00000) (1024K)]
  0x0000023b9b3ebe90 JavaThread "Cache worker for file hash cache (C:\Users\victo\IdeaProjects\WeatherDataExtractor\.gradle\8.14\fileHashes)"        [_thread_blocked, id=2404, stack(0x000000cd19400000,0x000000cd19500000) (1024K)]
  0x0000023b9b3f24f0 JavaThread "Cache worker for Build Output Cleanup Cache (C:\Users\victo\IdeaProjects\WeatherDataExtractor\.gradle\buildOutputCleanup)"        [_thread_blocked, id=13008, stack(0x000000cd19500000,0x000000cd19600000) (1024K)]
  0x0000023b9b3f0f00 JavaThread "File watcher server"        daemon [_thread_in_native, id=25280, stack(0x000000cd19600000,0x000000cd19700000) (1024K)]
  0x0000023b9b3edbd0 JavaThread "File watcher consumer"      daemon [_thread_blocked, id=15364, stack(0x000000cd19700000,0x000000cd19800000) (1024K)]
  0x0000023b9b3f2c40 JavaThread "jar transforms"                    [_thread_blocked, id=18536, stack(0x000000cd19800000,0x000000cd19900000) (1024K)]
  0x0000023b9b3f3390 JavaThread "jar transforms Thread 2"           [_thread_blocked, id=11468, stack(0x000000cd19900000,0x000000cd19a00000) (1024K)]
  0x0000023b9b3f07b0 JavaThread "Cache worker for checksums cache (C:\Users\victo\IdeaProjects\WeatherDataExtractor\.gradle\8.14\checksums)"        [_thread_blocked, id=19636, stack(0x000000cd19a00000,0x000000cd19b00000) (1024K)]
  0x0000023b9b3ecd30 JavaThread "Cache worker for file content cache (C:\Users\victo\.gradle\caches\8.14\fileContent)"        [_thread_blocked, id=26876, stack(0x000000cd19b00000,0x000000cd19c00000) (1024K)]
  0x0000023b9b3ed480 JavaThread "jar transforms Thread 3"           [_thread_blocked, id=8892, stack(0x000000cd19c00000,0x000000cd19d00000) (1024K)]
  0x0000023b9b3ee320 JavaThread "Cache worker for cache directory md-supplier (C:\Users\victo\.gradle\caches\8.14\md-supplier)"        [_thread_blocked, id=27596, stack(0x000000cd19d00000,0x000000cd19e00000) (1024K)]
Total: 36

Other Threads:
  0x0000023b9500e9d0 VMThread "VM Thread"                           [id=18944, stack(0x000000cd16c00000,0x000000cd16d00000) (1024K)]
  0x0000023bfc7575e0 WatcherThread "VM Periodic Task Thread"        [id=19484, stack(0x000000cd16b00000,0x000000cd16c00000) (1024K)]
  0x0000023be0ca9d70 WorkerThread "GC Thread#0"                     [id=18768, stack(0x000000cd16600000,0x000000cd16700000) (1024K)]
  0x0000023b9557abc0 WorkerThread "GC Thread#1"                     [id=5880, stack(0x000000cd17900000,0x000000cd17a00000) (1024K)]
  0x0000023b9557a0b0 WorkerThread "GC Thread#2"                     [id=26960, stack(0x000000cd17a00000,0x000000cd17b00000) (1024K)]
  0x0000023b9557af70 WorkerThread "GC Thread#3"                     [id=24528, stack(0x000000cd17b00000,0x000000cd17c00000) (1024K)]
  0x0000023b9557b320 WorkerThread "GC Thread#4"                     [id=26380, stack(0x000000cd17c00000,0x000000cd17d00000) (1024K)]
  0x0000023b9a661740 WorkerThread "GC Thread#5"                     [id=26148, stack(0x000000cd17d00000,0x000000cd17e00000) (1024K)]
  0x0000023b9a663870 WorkerThread "GC Thread#6"                     [id=16472, stack(0x000000cd18b00000,0x000000cd18c00000) (1024K)]
  0x0000023b9a661ea0 WorkerThread "GC Thread#7"                     [id=8772, stack(0x000000cd18c00000,0x000000cd18d00000) (1024K)]
  0x0000023b9a664380 WorkerThread "GC Thread#8"                     [id=24112, stack(0x000000cd18d00000,0x000000cd18e00000) (1024K)]
  0x0000023b9a663c20 WorkerThread "GC Thread#9"                     [id=16968, stack(0x000000cd18e00000,0x000000cd18f00000) (1024K)]
  0x0000023b9a662250 WorkerThread "GC Thread#10"                    [id=10544, stack(0x000000cd18f00000,0x000000cd19000000) (1024K)]
  0x0000023b9a663fd0 WorkerThread "GC Thread#11"                    [id=5636, stack(0x000000cd19000000,0x000000cd19100000) (1024K)]
  0x0000023b9a664730 WorkerThread "GC Thread#12"                    [id=2628, stack(0x000000cd19100000,0x000000cd19200000) (1024K)]
  0x0000023be0cb1cf0 ConcurrentGCThread "G1 Main Marker"            [id=16444, stack(0x000000cd16700000,0x000000cd16800000) (1024K)]
  0x0000023be0cb3840 WorkerThread "G1 Conc#0"                       [id=25124, stack(0x000000cd16800000,0x000000cd16900000) (1024K)]
  0x0000023b9a662d60 WorkerThread "G1 Conc#1"                       [id=20604, stack(0x000000cd19200000,0x000000cd19300000) (1024K)]
  0x0000023b9a663110 WorkerThread "G1 Conc#2"                       [id=24772, stack(0x000000cd19300000,0x000000cd19400000) (1024K)]
  0x0000023bfc74d6a0 ConcurrentGCThread "G1 Refine#0"               [id=24760, stack(0x000000cd16900000,0x000000cd16a00000) (1024K)]
  0x0000023bfc750440 ConcurrentGCThread "G1 Service"                [id=14724, stack(0x000000cd16a00000,0x000000cd16b00000) (1024K)]
Total: 21

Threads with active compile tasks:
C2 CompilerThread0  5861 4779   !   4       java.lang.ClassLoader::loadClass (121 bytes)
Total: 1

VM state: not at safepoint (normal execution)

VM Mutex/Monitor currently owned by a thread: None

Heap address: 0x00000000e0000000, size: 512 MB, Compressed Oops mode: 32-bit

CDS archive(s) mapped at: [0x0000023b80000000-0x0000023b80d40000-0x0000023b80d40000), size 13893632, SharedBaseAddress: 0x0000023b80000000, ArchiveRelocationMode: 1.
Compressed class space mapped at: 0x0000023b81000000-0x0000023b95000000, reserved size: 335544320
UseCompressedClassPointers 1, UseCompactObjectHeaders 0
Narrow klass pointer bits 32, Max shift 3
Narrow klass base: 0x0000023b80000000, Narrow klass shift: 0
Encoding Range: [0x0000023b80000000 - 0x0000023c80000000), (4294967296 bytes)
Klass Range:    [0x0000023b80000000 - 0x0000023b95000000), (352321536 bytes)
Klass ID Range:  [8 - 352321529) (352321521)

GC Precious Log:
 CardTable entry size: 512
 Card Set container configuration: InlinePtr #cards 5 size 8 Array Of Cards #cards 10 size 36 Howl #buckets 4 coarsen threshold 1843 Howl Bitmap #cards 512 size 80 coarsen threshold 460 Card regions per heap region 1 cards per card region 2048
 CPUs: 16 total, 16 available
 Memory: 5996M
 Large Page Support: Disabled
 NUMA Support: Disabled
 Compressed Oops: Enabled (32-bit)
 Heap Region Size: 1M
 Heap Min Capacity: 256M
 Heap Initial Capacity: 256M
 Heap Max Capacity: 512M
 Pre-touch: Disabled
 Parallel Workers: 13
 Concurrent Workers: 3
 Concurrent Refinement Workers: 13
 Periodic GC: Disabled

Heap:
 garbage-first heap   total reserved 524288K, committed 262144K, used 57313K [0x00000000e0000000, 0x0000000100000000)
  region size 1024K, 33 young (33792K), 9 survivors (9216K)
 Metaspace       used 37462K, committed 38720K, reserved 393216K
  class space    used 4130K, committed 4736K, reserved 327680K

Heap Regions: E=young(eden), S=young(survivor), O=old, HS=humongous(starts), HC=humongous(continues), CS=collection set, F=free, TAMS=top-at-mark-start, PB=parsable bottom
|   0|0x00000000e0000000, 0x00000000e0100000, 0x00000000e0100000|100%|HS|  |TAMS 0x00000000e0000000| PB 0x00000000e0000000| Complete |  0
|   1|0x00000000e0100000, 0x00000000e0200000, 0x00000000e0200000|100%|HC|  |TAMS 0x00000000e0100000| PB 0x00000000e0100000| Complete |  0
|   2|0x00000000e0200000, 0x00000000e0300000, 0x00000000e0300000|100%|HC|  |TAMS 0x00000000e0200000| PB 0x00000000e0200000| Complete |  0
|   3|0x00000000e0300000, 0x00000000e0400000, 0x00000000e0400000|100%| O|  |TAMS 0x00000000e0300000| PB 0x00000000e0300000| Untracked |  0
|   4|0x00000000e0400000, 0x00000000e0500000, 0x00000000e0500000|100%| O|  |TAMS 0x00000000e0400000| PB 0x00000000e0400000| Untracked |  0
|   5|0x00000000e0500000, 0x00000000e0600000, 0x00000000e0600000|100%|HS|  |TAMS 0x00000000e0500000| PB 0x00000000e0500000| Complete |  0
|   6|0x00000000e0600000, 0x00000000e0700000, 0x00000000e0700000|100%| O|  |TAMS 0x00000000e0600000| PB 0x00000000e0600000| Untracked |  0
|   7|0x00000000e0700000, 0x00000000e0800000, 0x00000000e0800000|100%| O|  |TAMS 0x00000000e0700000| PB 0x00000000e0700000| Untracked |  0
|   8|0x00000000e0800000, 0x00000000e0900000, 0x00000000e0900000|100%| O|  |TAMS 0x00000000e0800000| PB 0x00000000e0800000| Untracked |  0
|   9|0x00000000e0900000, 0x00000000e0a00000, 0x00000000e0a00000|100%| O|  |TAMS 0x00000000e0900000| PB 0x00000000e0900000| Untracked |  0
|  10|0x00000000e0a00000, 0x00000000e0b00000, 0x00000000e0b00000|100%| O|  |TAMS 0x00000000e0a00000| PB 0x00000000e0a00000| Untracked |  0
|  11|0x00000000e0b00000, 0x00000000e0b3dbe8, 0x00000000e0c00000| 24%| O|Cm|TAMS 0x00000000e0b00000| PB 0x00000000e0b00000| Complete |  0
|  12|0x00000000e0c00000, 0x00000000e0d00000, 0x00000000e0d00000|100%| O|  |TAMS 0x00000000e0c00000| PB 0x00000000e0c00000| Untracked |  0
|  13|0x00000000e0d00000, 0x00000000e0e00000, 0x00000000e0e00000|100%| O|  |TAMS 0x00000000e0d00000| PB 0x00000000e0d00000| Untracked |  0
|  14|0x00000000e0e00000, 0x00000000e0ebaa90, 0x00000000e0f00000| 72%| O|  |TAMS 0x00000000e0e00000| PB 0x00000000e0e00000| Untracked |  0
|  15|0x00000000e0f00000, 0x00000000e0f00000, 0x00000000e1000000|  0%| F|  |TAMS 0x00000000e0f00000| PB 0x00000000e0f00000| Untracked |  0
|  16|0x00000000e1000000, 0x00000000e1000000, 0x00000000e1100000|  0%| F|  |TAMS 0x00000000e1000000| PB 0x00000000e1000000| Untracked |  0
|  17|0x00000000e1100000, 0x00000000e1200000, 0x00000000e1200000|100%| O|  |TAMS 0x00000000e1100000| PB 0x00000000e1100000| Untracked |  0
|  18|0x00000000e1200000, 0x00000000e1300000, 0x00000000e1300000|100%| O|  |TAMS 0x00000000e1200000| PB 0x00000000e1200000| Untracked |  0
|  19|0x00000000e1300000, 0x00000000e1400000, 0x00000000e1400000|100%| O|  |TAMS 0x00000000e1300000| PB 0x00000000e1300000| Untracked |  0
|  20|0x00000000e1400000, 0x00000000e1500000, 0x00000000e1500000|100%| O|  |TAMS 0x00000000e1400000| PB 0x00000000e1400000| Untracked |  0
|  21|0x00000000e1500000, 0x00000000e1600000, 0x00000000e1600000|100%| O|  |TAMS 0x00000000e1500000| PB 0x00000000e1500000| Untracked |  0
|  22|0x00000000e1600000, 0x00000000e1700000, 0x00000000e1700000|100%| O|  |TAMS 0x00000000e1600000| PB 0x00000000e1600000| Untracked |  0
|  23|0x00000000e1700000, 0x00000000e1800000, 0x00000000e1800000|100%| O|  |TAMS 0x00000000e1700000| PB 0x00000000e1700000| Untracked |  0
|  24|0x00000000e1800000, 0x00000000e1900000, 0x00000000e1900000|100%| O|  |TAMS 0x00000000e1800000| PB 0x00000000e1800000| Untracked |  0
|  25|0x00000000e1900000, 0x00000000e1a00000, 0x00000000e1a00000|100%| O|  |TAMS 0x00000000e1900000| PB 0x00000000e1900000| Untracked |  0
|  26|0x00000000e1a00000, 0x00000000e1a00000, 0x00000000e1b00000|  0%| F|  |TAMS 0x00000000e1a00000| PB 0x00000000e1a00000| Untracked |  0
|  27|0x00000000e1b00000, 0x00000000e1b00000, 0x00000000e1c00000|  0%| F|  |TAMS 0x00000000e1b00000| PB 0x00000000e1b00000| Untracked |  0
|  28|0x00000000e1c00000, 0x00000000e1c00000, 0x00000000e1d00000|  0%| F|  |TAMS 0x00000000e1c00000| PB 0x00000000e1c00000| Untracked |  0
|  29|0x00000000e1d00000, 0x00000000e1d00000, 0x00000000e1e00000|  0%| F|  |TAMS 0x00000000e1d00000| PB 0x00000000e1d00000| Untracked |  0
|  30|0x00000000e1e00000, 0x00000000e1e00000, 0x00000000e1f00000|  0%| F|  |TAMS 0x00000000e1e00000| PB 0x00000000e1e00000| Untracked |  0
|  31|0x00000000e1f00000, 0x00000000e1f00000, 0x00000000e2000000|  0%| F|  |TAMS 0x00000000e1f00000| PB 0x00000000e1f00000| Untracked |  0
|  32|0x00000000e2000000, 0x00000000e2000000, 0x00000000e2100000|  0%| F|  |TAMS 0x00000000e2000000| PB 0x00000000e2000000| Untracked |  0
|  33|0x00000000e2100000, 0x00000000e2100000, 0x00000000e2200000|  0%| F|  |TAMS 0x00000000e2100000| PB 0x00000000e2100000| Untracked |  0
|  34|0x00000000e2200000, 0x00000000e2200000, 0x00000000e2300000|  0%| F|  |TAMS 0x00000000e2200000| PB 0x00000000e2200000| Untracked |  0
|  35|0x00000000e2300000, 0x00000000e2300000, 0x00000000e2400000|  0%| F|  |TAMS 0x00000000e2300000| PB 0x00000000e2300000| Untracked |  0
|  36|0x00000000e2400000, 0x00000000e2400000, 0x00000000e2500000|  0%| F|  |TAMS 0x00000000e2400000| PB 0x00000000e2400000| Untracked |  0
|  37|0x00000000e2500000, 0x00000000e2500000, 0x00000000e2600000|  0%| F|  |TAMS 0x00000000e2500000| PB 0x00000000e2500000| Untracked |  0
|  38|0x00000000e2600000, 0x00000000e2600000, 0x00000000e2700000|  0%| F|  |TAMS 0x00000000e2600000| PB 0x00000000e2600000| Untracked |  0
|  39|0x00000000e2700000, 0x00000000e2700000, 0x00000000e2800000|  0%| F|  |TAMS 0x00000000e2700000| PB 0x00000000e2700000| Untracked |  0
|  40|0x00000000e2800000, 0x00000000e2800000, 0x00000000e2900000|  0%| F|  |TAMS 0x00000000e2800000| PB 0x00000000e2800000| Untracked |  0
|  41|0x00000000e2900000, 0x00000000e2900000, 0x00000000e2a00000|  0%| F|  |TAMS 0x00000000e2900000| PB 0x00000000e2900000| Untracked |  0
|  42|0x00000000e2a00000, 0x00000000e2a00000, 0x00000000e2b00000|  0%| F|  |TAMS 0x00000000e2a00000| PB 0x00000000e2a00000| Untracked |  0
|  43|0x00000000e2b00000, 0x00000000e2b00000, 0x00000000e2c00000|  0%| F|  |TAMS 0x00000000e2b00000| PB 0x00000000e2b00000| Untracked |  0
|  44|0x00000000e2c00000, 0x00000000e2c00000, 0x00000000e2d00000|  0%| F|  |TAMS 0x00000000e2c00000| PB 0x00000000e2c00000| Untracked |  0
|  45|0x00000000e2d00000, 0x00000000e2d00000, 0x00000000e2e00000|  0%| F|  |TAMS 0x00000000e2d00000| PB 0x00000000e2d00000| Untracked |  0
|  46|0x00000000e2e00000, 0x00000000e2e00000, 0x00000000e2f00000|  0%| F|  |TAMS 0x00000000e2e00000| PB 0x00000000e2e00000| Untracked |  0
|  47|0x00000000e2f00000, 0x00000000e2f00000, 0x00000000e3000000|  0%| F|  |TAMS 0x00000000e2f00000| PB 0x00000000e2f00000| Untracked |  0
|  48|0x00000000e3000000, 0x00000000e3000000, 0x00000000e3100000|  0%| F|  |TAMS 0x00000000e3000000| PB 0x00000000e3000000| Untracked |  0
|  49|0x00000000e3100000, 0x00000000e3100000, 0x00000000e3200000|  0%| F|  |TAMS 0x00000000e3100000| PB 0x00000000e3100000| Untracked |  0
|  50|0x00000000e3200000, 0x00000000e3200000, 0x00000000e3300000|  0%| F|  |TAMS 0x00000000e3200000| PB 0x00000000e3200000| Untracked |  0
|  51|0x00000000e3300000, 0x00000000e3300000, 0x00000000e3400000|  0%| F|  |TAMS 0x00000000e3300000| PB 0x00000000e3300000| Untracked |  0
|  52|0x00000000e3400000, 0x00000000e3400000, 0x00000000e3500000|  0%| F|  |TAMS 0x00000000e3400000| PB 0x00000000e3400000| Untracked |  0
|  53|0x00000000e3500000, 0x00000000e3500000, 0x00000000e3600000|  0%| F|  |TAMS 0x00000000e3500000| PB 0x00000000e3500000| Untracked |  0
|  54|0x00000000e3600000, 0x00000000e3600000, 0x00000000e3700000|  0%| F|  |TAMS 0x00000000e3600000| PB 0x00000000e3600000| Untracked |  0
|  55|0x00000000e3700000, 0x00000000e3700000, 0x00000000e3800000|  0%| F|  |TAMS 0x00000000e3700000| PB 0x00000000e3700000| Untracked |  0
|  56|0x00000000e3800000, 0x00000000e3800000, 0x00000000e3900000|  0%| F|  |TAMS 0x00000000e3800000| PB 0x00000000e3800000| Untracked |  0
|  57|0x00000000e3900000, 0x00000000e3900000, 0x00000000e3a00000|  0%| F|  |TAMS 0x00000000e3900000| PB 0x00000000e3900000| Untracked |  0
|  58|0x00000000e3a00000, 0x00000000e3a00000, 0x00000000e3b00000|  0%| F|  |TAMS 0x00000000e3a00000| PB 0x00000000e3a00000| Untracked |  0
|  59|0x00000000e3b00000, 0x00000000e3b00000, 0x00000000e3c00000|  0%| F|  |TAMS 0x00000000e3b00000| PB 0x00000000e3b00000| Untracked |  0
|  60|0x00000000e3c00000, 0x00000000e3c00000, 0x00000000e3d00000|  0%| F|  |TAMS 0x00000000e3c00000| PB 0x00000000e3c00000| Untracked |  0
|  61|0x00000000e3d00000, 0x00000000e3d00000, 0x00000000e3e00000|  0%| F|  |TAMS 0x00000000e3d00000| PB 0x00000000e3d00000| Untracked |  0
|  62|0x00000000e3e00000, 0x00000000e3e00000, 0x00000000e3f00000|  0%| F|  |TAMS 0x00000000e3e00000| PB 0x00000000e3e00000| Untracked |  0
|  63|0x00000000e3f00000, 0x00000000e3f00000, 0x00000000e4000000|  0%| F|  |TAMS 0x00000000e3f00000| PB 0x00000000e3f00000| Untracked |  0
|  64|0x00000000e4000000, 0x00000000e4000000, 0x00000000e4100000|  0%| F|  |TAMS 0x00000000e4000000| PB 0x00000000e4000000| Untracked |  0
|  65|0x00000000e4100000, 0x00000000e4100000, 0x00000000e4200000|  0%| F|  |TAMS 0x00000000e4100000| PB 0x00000000e4100000| Untracked |  0
|  66|0x00000000e4200000, 0x00000000e4200000, 0x00000000e4300000|  0%| F|  |TAMS 0x00000000e4200000| PB 0x00000000e4200000| Untracked |  0
|  67|0x00000000e4300000, 0x00000000e4300000, 0x00000000e4400000|  0%| F|  |TAMS 0x00000000e4300000| PB 0x00000000e4300000| Untracked |  0
|  68|0x00000000e4400000, 0x00000000e4400000, 0x00000000e4500000|  0%| F|  |TAMS 0x00000000e4400000| PB 0x00000000e4400000| Untracked |  0
|  69|0x00000000e4500000, 0x00000000e4500000, 0x00000000e4600000|  0%| F|  |TAMS 0x00000000e4500000| PB 0x00000000e4500000| Untracked |  0
|  70|0x00000000e4600000, 0x00000000e4600000, 0x00000000e4700000|  0%| F|  |TAMS 0x00000000e4600000| PB 0x00000000e4600000| Untracked |  0
|  71|0x00000000e4700000, 0x00000000e4700000, 0x00000000e4800000|  0%| F|  |TAMS 0x00000000e4700000| PB 0x00000000e4700000| Untracked |  0
|  72|0x00000000e4800000, 0x00000000e4800000, 0x00000000e4900000|  0%| F|  |TAMS 0x00000000e4800000| PB 0x00000000e4800000| Untracked |  0
|  73|0x00000000e4900000, 0x00000000e4900000, 0x00000000e4a00000|  0%| F|  |TAMS 0x00000000e4900000| PB 0x00000000e4900000| Untracked |  0
|  74|0x00000000e4a00000, 0x00000000e4a00000, 0x00000000e4b00000|  0%| F|  |TAMS 0x00000000e4a00000| PB 0x00000000e4a00000| Untracked |  0
|  75|0x00000000e4b00000, 0x00000000e4b00000, 0x00000000e4c00000|  0%| F|  |TAMS 0x00000000e4b00000| PB 0x00000000e4b00000| Untracked |  0
|  76|0x00000000e4c00000, 0x00000000e4c00000, 0x00000000e4d00000|  0%| F|  |TAMS 0x00000000e4c00000| PB 0x00000000e4c00000| Untracked |  0
|  77|0x00000000e4d00000, 0x00000000e4d00000, 0x00000000e4e00000|  0%| F|  |TAMS 0x00000000e4d00000| PB 0x00000000e4d00000| Untracked |  0
|  78|0x00000000e4e00000, 0x00000000e4e00000, 0x00000000e4f00000|  0%| F|  |TAMS 0x00000000e4e00000| PB 0x00000000e4e00000| Untracked |  0
|  79|0x00000000e4f00000, 0x00000000e4f00000, 0x00000000e5000000|  0%| F|  |TAMS 0x00000000e4f00000| PB 0x00000000e4f00000| Untracked |  0
|  80|0x00000000e5000000, 0x00000000e5000000, 0x00000000e5100000|  0%| F|  |TAMS 0x00000000e5000000| PB 0x00000000e5000000| Untracked |  0
|  81|0x00000000e5100000, 0x00000000e5100000, 0x00000000e5200000|  0%| F|  |TAMS 0x00000000e5100000| PB 0x00000000e5100000| Untracked |  0
|  82|0x00000000e5200000, 0x00000000e5200000, 0x00000000e5300000|  0%| F|  |TAMS 0x00000000e5200000| PB 0x00000000e5200000| Untracked |  0
|  83|0x00000000e5300000, 0x00000000e5300000, 0x00000000e5400000|  0%| F|  |TAMS 0x00000000e5300000| PB 0x00000000e5300000| Untracked |  0
|  84|0x00000000e5400000, 0x00000000e5400000, 0x00000000e5500000|  0%| F|  |TAMS 0x00000000e5400000| PB 0x00000000e5400000| Untracked |  0
|  85|0x00000000e5500000, 0x00000000e5500000, 0x00000000e5600000|  0%| F|  |TAMS 0x00000000e5500000| PB 0x00000000e5500000| Untracked |  0
|  86|0x00000000e5600000, 0x00000000e5600000, 0x00000000e5700000|  0%| F|  |TAMS 0x00000000e5600000| PB 0x00000000e5600000| Untracked |  0
|  87|0x00000000e5700000, 0x00000000e5700000, 0x00000000e5800000|  0%| F|  |TAMS 0x00000000e5700000| PB 0x00000000e5700000| Untracked |  0
|  88|0x00000000e5800000, 0x00000000e5800000, 0x00000000e5900000|  0%| F|  |TAMS 0x00000000e5800000| PB 0x00000000e5800000| Untracked |  0
|  89|0x00000000e5900000, 0x00000000e5900000, 0x00000000e5a00000|  0%| F|  |TAMS 0x00000000e5900000| PB 0x00000000e5900000| Untracked |  0
|  90|0x00000000e5a00000, 0x00000000e5a00000, 0x00000000e5b00000|  0%| F|  |TAMS 0x00000000e5a00000| PB 0x00000000e5a00000| Untracked |  0
|  91|0x00000000e5b00000, 0x00000000e5b00000, 0x00000000e5c00000|  0%| F|  |TAMS 0x00000000e5b00000| PB 0x00000000e5b00000| Untracked |  0
|  92|0x00000000e5c00000, 0x00000000e5c00000, 0x00000000e5d00000|  0%| F|  |TAMS 0x00000000e5c00000| PB 0x00000000e5c00000| Untracked |  0
|  93|0x00000000e5d00000, 0x00000000e5d00000, 0x00000000e5e00000|  0%| F|  |TAMS 0x00000000e5d00000| PB 0x00000000e5d00000| Untracked |  0
|  94|0x00000000e5e00000, 0x00000000e5e00000, 0x00000000e5f00000|  0%| F|  |TAMS 0x00000000e5e00000| PB 0x00000000e5e00000| Untracked |  0
|  95|0x00000000e5f00000, 0x00000000e5f00000, 0x00000000e6000000|  0%| F|  |TAMS 0x00000000e5f00000| PB 0x00000000e5f00000| Untracked |  0
|  96|0x00000000e6000000, 0x00000000e6000000, 0x00000000e6100000|  0%| F|  |TAMS 0x00000000e6000000| PB 0x00000000e6000000| Untracked |  0
|  97|0x00000000e6100000, 0x00000000e6100000, 0x00000000e6200000|  0%| F|  |TAMS 0x00000000e6100000| PB 0x00000000e6100000| Untracked |  0
|  98|0x00000000e6200000, 0x00000000e6200000, 0x00000000e6300000|  0%| F|  |TAMS 0x00000000e6200000| PB 0x00000000e6200000| Untracked |  0
|  99|0x00000000e6300000, 0x00000000e6300000, 0x00000000e6400000|  0%| F|  |TAMS 0x00000000e6300000| PB 0x00000000e6300000| Untracked |  0
| 100|0x00000000e6400000, 0x00000000e6400000, 0x00000000e6500000|  0%| F|  |TAMS 0x00000000e6400000| PB 0x00000000e6400000| Untracked |  0
| 101|0x00000000e6500000, 0x00000000e6500000, 0x00000000e6600000|  0%| F|  |TAMS 0x00000000e6500000| PB 0x00000000e6500000| Untracked |  0
| 102|0x00000000e6600000, 0x00000000e6600000, 0x00000000e6700000|  0%| F|  |TAMS 0x00000000e6600000| PB 0x00000000e6600000| Untracked |  0
| 103|0x00000000e6700000, 0x00000000e6700000, 0x00000000e6800000|  0%| F|  |TAMS 0x00000000e6700000| PB 0x00000000e6700000| Untracked |  0
| 104|0x00000000e6800000, 0x00000000e6800000, 0x00000000e6900000|  0%| F|  |TAMS 0x00000000e6800000| PB 0x00000000e6800000| Untracked |  0
| 105|0x00000000e6900000, 0x00000000e6900000, 0x00000000e6a00000|  0%| F|  |TAMS 0x00000000e6900000| PB 0x00000000e6900000| Untracked |  0
| 106|0x00000000e6a00000, 0x00000000e6a00000, 0x00000000e6b00000|  0%| F|  |TAMS 0x00000000e6a00000| PB 0x00000000e6a00000| Untracked |  0
| 107|0x00000000e6b00000, 0x00000000e6b00000, 0x00000000e6c00000|  0%| F|  |TAMS 0x00000000e6b00000| PB 0x00000000e6b00000| Untracked |  0
| 108|0x00000000e6c00000, 0x00000000e6c00000, 0x00000000e6d00000|  0%| F|  |TAMS 0x00000000e6c00000| PB 0x00000000e6c00000| Untracked |  0
| 109|0x00000000e6d00000, 0x00000000e6d00000, 0x00000000e6e00000|  0%| F|  |TAMS 0x00000000e6d00000| PB 0x00000000e6d00000| Untracked |  0
| 110|0x00000000e6e00000, 0x00000000e6e00000, 0x00000000e6f00000|  0%| F|  |TAMS 0x00000000e6e00000| PB 0x00000000e6e00000| Untracked |  0
| 111|0x00000000e6f00000, 0x00000000e6f00000, 0x00000000e7000000|  0%| F|  |TAMS 0x00000000e6f00000| PB 0x00000000e6f00000| Untracked |  0
| 112|0x00000000e7000000, 0x00000000e7000000, 0x00000000e7100000|  0%| F|  |TAMS 0x00000000e7000000| PB 0x00000000e7000000| Untracked |  0
| 113|0x00000000e7100000, 0x00000000e7100000, 0x00000000e7200000|  0%| F|  |TAMS 0x00000000e7100000| PB 0x00000000e7100000| Untracked |  0
| 114|0x00000000e7200000, 0x00000000e7200000, 0x00000000e7300000|  0%| F|  |TAMS 0x00000000e7200000| PB 0x00000000e7200000| Untracked |  0
| 115|0x00000000e7300000, 0x00000000e7300000, 0x00000000e7400000|  0%| F|  |TAMS 0x00000000e7300000| PB 0x00000000e7300000| Untracked |  0
| 116|0x00000000e7400000, 0x00000000e7400000, 0x00000000e7500000|  0%| F|  |TAMS 0x00000000e7400000| PB 0x00000000e7400000| Untracked |  0
| 117|0x00000000e7500000, 0x00000000e7500000, 0x00000000e7600000|  0%| F|  |TAMS 0x00000000e7500000| PB 0x00000000e7500000| Untracked |  0
| 118|0x00000000e7600000, 0x00000000e7600000, 0x00000000e7700000|  0%| F|  |TAMS 0x00000000e7600000| PB 0x00000000e7600000| Untracked |  0
| 119|0x00000000e7700000, 0x00000000e7700000, 0x00000000e7800000|  0%| F|  |TAMS 0x00000000e7700000| PB 0x00000000e7700000| Untracked |  0
| 120|0x00000000e7800000, 0x00000000e7800000, 0x00000000e7900000|  0%| F|  |TAMS 0x00000000e7800000| PB 0x00000000e7800000| Untracked |  0
| 121|0x00000000e7900000, 0x00000000e7900000, 0x00000000e7a00000|  0%| F|  |TAMS 0x00000000e7900000| PB 0x00000000e7900000| Untracked |  0
| 122|0x00000000e7a00000, 0x00000000e7a00000, 0x00000000e7b00000|  0%| F|  |TAMS 0x00000000e7a00000| PB 0x00000000e7a00000| Untracked |  0
| 123|0x00000000e7b00000, 0x00000000e7b00000, 0x00000000e7c00000|  0%| F|  |TAMS 0x00000000e7b00000| PB 0x00000000e7b00000| Untracked |  0
| 124|0x00000000e7c00000, 0x00000000e7c00000, 0x00000000e7d00000|  0%| F|  |TAMS 0x00000000e7c00000| PB 0x00000000e7c00000| Untracked |  0
| 125|0x00000000e7d00000, 0x00000000e7d00000, 0x00000000e7e00000|  0%| F|  |TAMS 0x00000000e7d00000| PB 0x00000000e7d00000| Untracked |  0
| 126|0x00000000e7e00000, 0x00000000e7e00000, 0x00000000e7f00000|  0%| F|  |TAMS 0x00000000e7e00000| PB 0x00000000e7e00000| Untracked |  0
| 127|0x00000000e7f00000, 0x00000000e7f00000, 0x00000000e8000000|  0%| F|  |TAMS 0x00000000e7f00000| PB 0x00000000e7f00000| Untracked |  0
| 128|0x00000000e8000000, 0x00000000e8000000, 0x00000000e8100000|  0%| F|  |TAMS 0x00000000e8000000| PB 0x00000000e8000000| Untracked |  0
| 129|0x00000000e8100000, 0x00000000e8100000, 0x00000000e8200000|  0%| F|  |TAMS 0x00000000e8100000| PB 0x00000000e8100000| Untracked |  0
| 130|0x00000000e8200000, 0x00000000e8200000, 0x00000000e8300000|  0%| F|  |TAMS 0x00000000e8200000| PB 0x00000000e8200000| Untracked |  0
| 131|0x00000000e8300000, 0x00000000e8300000, 0x00000000e8400000|  0%| F|  |TAMS 0x00000000e8300000| PB 0x00000000e8300000| Untracked |  0
| 132|0x00000000e8400000, 0x00000000e8400000, 0x00000000e8500000|  0%| F|  |TAMS 0x00000000e8400000| PB 0x00000000e8400000| Untracked |  0
| 133|0x00000000e8500000, 0x00000000e8500000, 0x00000000e8600000|  0%| F|  |TAMS 0x00000000e8500000| PB 0x00000000e8500000| Untracked |  0
| 134|0x00000000e8600000, 0x00000000e8600000, 0x00000000e8700000|  0%| F|  |TAMS 0x00000000e8600000| PB 0x00000000e8600000| Untracked |  0
| 135|0x00000000e8700000, 0x00000000e8700000, 0x00000000e8800000|  0%| F|  |TAMS 0x00000000e8700000| PB 0x00000000e8700000| Untracked |  0
| 136|0x00000000e8800000, 0x00000000e8800000, 0x00000000e8900000|  0%| F|  |TAMS 0x00000000e8800000| PB 0x00000000e8800000| Untracked |  0
| 137|0x00000000e8900000, 0x00000000e8900000, 0x00000000e8a00000|  0%| F|  |TAMS 0x00000000e8900000| PB 0x00000000e8900000| Untracked |  0
| 138|0x00000000e8a00000, 0x00000000e8a00000, 0x00000000e8b00000|  0%| F|  |TAMS 0x00000000e8a00000| PB 0x00000000e8a00000| Untracked |  0
| 139|0x00000000e8b00000, 0x00000000e8b00000, 0x00000000e8c00000|  0%| F|  |TAMS 0x00000000e8b00000| PB 0x00000000e8b00000| Untracked |  0
| 140|0x00000000e8c00000, 0x00000000e8c00000, 0x00000000e8d00000|  0%| F|  |TAMS 0x00000000e8c00000| PB 0x00000000e8c00000| Untracked |  0
| 141|0x00000000e8d00000, 0x00000000e8d00000, 0x00000000e8e00000|  0%| F|  |TAMS 0x00000000e8d00000| PB 0x00000000e8d00000| Untracked |  0
| 142|0x00000000e8e00000, 0x00000000e8e00000, 0x00000000e8f00000|  0%| F|  |TAMS 0x00000000e8e00000| PB 0x00000000e8e00000| Untracked |  0
| 143|0x00000000e8f00000, 0x00000000e8f00000, 0x00000000e9000000|  0%| F|  |TAMS 0x00000000e8f00000| PB 0x00000000e8f00000| Untracked |  0
| 144|0x00000000e9000000, 0x00000000e9000000, 0x00000000e9100000|  0%| F|  |TAMS 0x00000000e9000000| PB 0x00000000e9000000| Untracked |  0
| 145|0x00000000e9100000, 0x00000000e9100000, 0x00000000e9200000|  0%| F|  |TAMS 0x00000000e9100000| PB 0x00000000e9100000| Untracked |  0
| 146|0x00000000e9200000, 0x00000000e9200000, 0x00000000e9300000|  0%| F|  |TAMS 0x00000000e9200000| PB 0x00000000e9200000| Untracked |  0
| 147|0x00000000e9300000, 0x00000000e9300000, 0x00000000e9400000|  0%| F|  |TAMS 0x00000000e9300000| PB 0x00000000e9300000| Untracked |  0
| 148|0x00000000e9400000, 0x00000000e9400000, 0x00000000e9500000|  0%| F|  |TAMS 0x00000000e9400000| PB 0x00000000e9400000| Untracked |  0
| 149|0x00000000e9500000, 0x00000000e9500000, 0x00000000e9600000|  0%| F|  |TAMS 0x00000000e9500000| PB 0x00000000e9500000| Untracked |  0
| 150|0x00000000e9600000, 0x00000000e9600000, 0x00000000e9700000|  0%| F|  |TAMS 0x00000000e9600000| PB 0x00000000e9600000| Untracked |  0
| 151|0x00000000e9700000, 0x00000000e9700000, 0x00000000e9800000|  0%| F|  |TAMS 0x00000000e9700000| PB 0x00000000e9700000| Untracked |  0
| 152|0x00000000e9800000, 0x00000000e9800000, 0x00000000e9900000|  0%| F|  |TAMS 0x00000000e9800000| PB 0x00000000e9800000| Untracked |  0
| 153|0x00000000e9900000, 0x00000000e9900000, 0x00000000e9a00000|  0%| F|  |TAMS 0x00000000e9900000| PB 0x00000000e9900000| Untracked |  0
| 154|0x00000000e9a00000, 0x00000000e9a00000, 0x00000000e9b00000|  0%| F|  |TAMS 0x00000000e9a00000| PB 0x00000000e9a00000| Untracked |  0
| 155|0x00000000e9b00000, 0x00000000e9b00000, 0x00000000e9c00000|  0%| F|  |TAMS 0x00000000e9b00000| PB 0x00000000e9b00000| Untracked |  0
| 156|0x00000000e9c00000, 0x00000000e9c00000, 0x00000000e9d00000|  0%| F|  |TAMS 0x00000000e9c00000| PB 0x00000000e9c00000| Untracked |  0
| 157|0x00000000e9d00000, 0x00000000e9d00000, 0x00000000e9e00000|  0%| F|  |TAMS 0x00000000e9d00000| PB 0x00000000e9d00000| Untracked |  0
| 158|0x00000000e9e00000, 0x00000000e9e00000, 0x00000000e9f00000|  0%| F|  |TAMS 0x00000000e9e00000| PB 0x00000000e9e00000| Untracked |  0
| 159|0x00000000e9f00000, 0x00000000e9f00000, 0x00000000ea000000|  0%| F|  |TAMS 0x00000000e9f00000| PB 0x00000000e9f00000| Untracked |  0
| 160|0x00000000ea000000, 0x00000000ea000000, 0x00000000ea100000|  0%| F|  |TAMS 0x00000000ea000000| PB 0x00000000ea000000| Untracked |  0
| 161|0x00000000ea100000, 0x00000000ea100000, 0x00000000ea200000|  0%| F|  |TAMS 0x00000000ea100000| PB 0x00000000ea100000| Untracked |  0
| 162|0x00000000ea200000, 0x00000000ea200000, 0x00000000ea300000|  0%| F|  |TAMS 0x00000000ea200000| PB 0x00000000ea200000| Untracked |  0
| 163|0x00000000ea300000, 0x00000000ea300000, 0x00000000ea400000|  0%| F|  |TAMS 0x00000000ea300000| PB 0x00000000ea300000| Untracked |  0
| 164|0x00000000ea400000, 0x00000000ea400000, 0x00000000ea500000|  0%| F|  |TAMS 0x00000000ea400000| PB 0x00000000ea400000| Untracked |  0
| 165|0x00000000ea500000, 0x00000000ea500000, 0x00000000ea600000|  0%| F|  |TAMS 0x00000000ea500000| PB 0x00000000ea500000| Untracked |  0
| 166|0x00000000ea600000, 0x00000000ea600000, 0x00000000ea700000|  0%| F|  |TAMS 0x00000000ea600000| PB 0x00000000ea600000| Untracked |  0
| 167|0x00000000ea700000, 0x00000000ea700000, 0x00000000ea800000|  0%| F|  |TAMS 0x00000000ea700000| PB 0x00000000ea700000| Untracked |  0
| 168|0x00000000ea800000, 0x00000000ea800000, 0x00000000ea900000|  0%| F|  |TAMS 0x00000000ea800000| PB 0x00000000ea800000| Untracked |  0
| 169|0x00000000ea900000, 0x00000000ea900000, 0x00000000eaa00000|  0%| F|  |TAMS 0x00000000ea900000| PB 0x00000000ea900000| Untracked |  0
| 170|0x00000000eaa00000, 0x00000000eaa00000, 0x00000000eab00000|  0%| F|  |TAMS 0x00000000eaa00000| PB 0x00000000eaa00000| Untracked |  0
| 171|0x00000000eab00000, 0x00000000eab00000, 0x00000000eac00000|  0%| F|  |TAMS 0x00000000eab00000| PB 0x00000000eab00000| Untracked |  0
| 172|0x00000000eac00000, 0x00000000eac00000, 0x00000000ead00000|  0%| F|  |TAMS 0x00000000eac00000| PB 0x00000000eac00000| Untracked |  0
| 173|0x00000000ead00000, 0x00000000ead00000, 0x00000000eae00000|  0%| F|  |TAMS 0x00000000ead00000| PB 0x00000000ead00000| Untracked |  0
| 174|0x00000000eae00000, 0x00000000eae00000, 0x00000000eaf00000|  0%| F|  |TAMS 0x00000000eae00000| PB 0x00000000eae00000| Untracked |  0
| 175|0x00000000eaf00000, 0x00000000eaf00000, 0x00000000eb000000|  0%| F|  |TAMS 0x00000000eaf00000| PB 0x00000000eaf00000| Untracked |  0
| 176|0x00000000eb000000, 0x00000000eb000000, 0x00000000eb100000|  0%| F|  |TAMS 0x00000000eb000000| PB 0x00000000eb000000| Untracked |  0
| 177|0x00000000eb100000, 0x00000000eb100000, 0x00000000eb200000|  0%| F|  |TAMS 0x00000000eb100000| PB 0x00000000eb100000| Untracked |  0
| 178|0x00000000eb200000, 0x00000000eb200000, 0x00000000eb300000|  0%| F|  |TAMS 0x00000000eb200000| PB 0x00000000eb200000| Untracked |  0
| 179|0x00000000eb300000, 0x00000000eb300000, 0x00000000eb400000|  0%| F|  |TAMS 0x00000000eb300000| PB 0x00000000eb300000| Untracked |  0
| 180|0x00000000eb400000, 0x00000000eb400000, 0x00000000eb500000|  0%| F|  |TAMS 0x00000000eb400000| PB 0x00000000eb400000| Untracked |  0
| 181|0x00000000eb500000, 0x00000000eb500000, 0x00000000eb600000|  0%| F|  |TAMS 0x00000000eb500000| PB 0x00000000eb500000| Untracked |  0
| 182|0x00000000eb600000, 0x00000000eb600000, 0x00000000eb700000|  0%| F|  |TAMS 0x00000000eb600000| PB 0x00000000eb600000| Untracked |  0
| 183|0x00000000eb700000, 0x00000000eb700000, 0x00000000eb800000|  0%| F|  |TAMS 0x00000000eb700000| PB 0x00000000eb700000| Untracked |  0
| 184|0x00000000eb800000, 0x00000000eb800000, 0x00000000eb900000|  0%| F|  |TAMS 0x00000000eb800000| PB 0x00000000eb800000| Untracked |  0
| 185|0x00000000eb900000, 0x00000000eb900000, 0x00000000eba00000|  0%| F|  |TAMS 0x00000000eb900000| PB 0x00000000eb900000| Untracked |  0
| 186|0x00000000eba00000, 0x00000000eba00000, 0x00000000ebb00000|  0%| F|  |TAMS 0x00000000eba00000| PB 0x00000000eba00000| Untracked |  0
| 187|0x00000000ebb00000, 0x00000000ebb00000, 0x00000000ebc00000|  0%| F|  |TAMS 0x00000000ebb00000| PB 0x00000000ebb00000| Untracked |  0
| 188|0x00000000ebc00000, 0x00000000ebc00000, 0x00000000ebd00000|  0%| F|  |TAMS 0x00000000ebc00000| PB 0x00000000ebc00000| Untracked |  0
| 189|0x00000000ebd00000, 0x00000000ebd00000, 0x00000000ebe00000|  0%| F|  |TAMS 0x00000000ebd00000| PB 0x00000000ebd00000| Untracked |  0
| 190|0x00000000ebe00000, 0x00000000ebe00000, 0x00000000ebf00000|  0%| F|  |TAMS 0x00000000ebe00000| PB 0x00000000ebe00000| Untracked |  0
| 191|0x00000000ebf00000, 0x00000000ebf00000, 0x00000000ec000000|  0%| F|  |TAMS 0x00000000ebf00000| PB 0x00000000ebf00000| Untracked |  0
| 192|0x00000000ec000000, 0x00000000ec000000, 0x00000000ec100000|  0%| F|  |TAMS 0x00000000ec000000| PB 0x00000000ec000000| Untracked |  0
| 193|0x00000000ec100000, 0x00000000ec100000, 0x00000000ec200000|  0%| F|  |TAMS 0x00000000ec100000| PB 0x00000000ec100000| Untracked |  0
| 194|0x00000000ec200000, 0x00000000ec200000, 0x00000000ec300000|  0%| F|  |TAMS 0x00000000ec200000| PB 0x00000000ec200000| Untracked |  0
| 195|0x00000000ec300000, 0x00000000ec300000, 0x00000000ec400000|  0%| F|  |TAMS 0x00000000ec300000| PB 0x00000000ec300000| Untracked |  0
| 196|0x00000000ec400000, 0x00000000ec400000, 0x00000000ec500000|  0%| F|  |TAMS 0x00000000ec400000| PB 0x00000000ec400000| Untracked |  0
| 197|0x00000000ec500000, 0x00000000ec500000, 0x00000000ec600000|  0%| F|  |TAMS 0x00000000ec500000| PB 0x00000000ec500000| Untracked |  0
| 198|0x00000000ec600000, 0x00000000ec600000, 0x00000000ec700000|  0%| F|  |TAMS 0x00000000ec600000| PB 0x00000000ec600000| Untracked |  0
| 199|0x00000000ec700000, 0x00000000ec700000, 0x00000000ec800000|  0%| F|  |TAMS 0x00000000ec700000| PB 0x00000000ec700000| Untracked |  0
| 200|0x00000000ec800000, 0x00000000ec800000, 0x00000000ec900000|  0%| F|  |TAMS 0x00000000ec800000| PB 0x00000000ec800000| Untracked |  0
| 201|0x00000000ec900000, 0x00000000ec900000, 0x00000000eca00000|  0%| F|  |TAMS 0x00000000ec900000| PB 0x00000000ec900000| Untracked |  0
| 202|0x00000000eca00000, 0x00000000eca00000, 0x00000000ecb00000|  0%| F|  |TAMS 0x00000000eca00000| PB 0x00000000eca00000| Untracked |  0
| 203|0x00000000ecb00000, 0x00000000ecb00000, 0x00000000ecc00000|  0%| F|  |TAMS 0x00000000ecb00000| PB 0x00000000ecb00000| Untracked |  0
| 204|0x00000000ecc00000, 0x00000000ecc00000, 0x00000000ecd00000|  0%| F|  |TAMS 0x00000000ecc00000| PB 0x00000000ecc00000| Untracked |  0
| 205|0x00000000ecd00000, 0x00000000ecd00000, 0x00000000ece00000|  0%| F|  |TAMS 0x00000000ecd00000| PB 0x00000000ecd00000| Untracked |  0
| 206|0x00000000ece00000, 0x00000000ece00000, 0x00000000ecf00000|  0%| F|  |TAMS 0x00000000ece00000| PB 0x00000000ece00000| Untracked |  0
| 207|0x00000000ecf00000, 0x00000000ecf00000, 0x00000000ed000000|  0%| F|  |TAMS 0x00000000ecf00000| PB 0x00000000ecf00000| Untracked |  0
| 208|0x00000000ed000000, 0x00000000ed000000, 0x00000000ed100000|  0%| F|  |TAMS 0x00000000ed000000| PB 0x00000000ed000000| Untracked |  0
| 209|0x00000000ed100000, 0x00000000ed100000, 0x00000000ed200000|  0%| F|  |TAMS 0x00000000ed100000| PB 0x00000000ed100000| Untracked |  0
| 210|0x00000000ed200000, 0x00000000ed200000, 0x00000000ed300000|  0%| F|  |TAMS 0x00000000ed200000| PB 0x00000000ed200000| Untracked |  0
| 211|0x00000000ed300000, 0x00000000ed300000, 0x00000000ed400000|  0%| F|  |TAMS 0x00000000ed300000| PB 0x00000000ed300000| Untracked |  0
| 212|0x00000000ed400000, 0x00000000ed400000, 0x00000000ed500000|  0%| F|  |TAMS 0x00000000ed400000| PB 0x00000000ed400000| Untracked |  0
| 213|0x00000000ed500000, 0x00000000ed500000, 0x00000000ed600000|  0%| F|  |TAMS 0x00000000ed500000| PB 0x00000000ed500000| Untracked |  0
| 214|0x00000000ed600000, 0x00000000ed600000, 0x00000000ed700000|  0%| F|  |TAMS 0x00000000ed600000| PB 0x00000000ed600000| Untracked |  0
| 215|0x00000000ed700000, 0x00000000ed700000, 0x00000000ed800000|  0%| F|  |TAMS 0x00000000ed700000| PB 0x00000000ed700000| Untracked |  0
| 216|0x00000000ed800000, 0x00000000ed800000, 0x00000000ed900000|  0%| F|  |TAMS 0x00000000ed800000| PB 0x00000000ed800000| Untracked |  0
| 217|0x00000000ed900000, 0x00000000ed900000, 0x00000000eda00000|  0%| F|  |TAMS 0x00000000ed900000| PB 0x00000000ed900000| Untracked |  0
| 218|0x00000000eda00000, 0x00000000eda00000, 0x00000000edb00000|  0%| F|  |TAMS 0x00000000eda00000| PB 0x00000000eda00000| Untracked |  0
| 219|0x00000000edb00000, 0x00000000edb00000, 0x00000000edc00000|  0%| F|  |TAMS 0x00000000edb00000| PB 0x00000000edb00000| Untracked |  0
| 220|0x00000000edc00000, 0x00000000edc80000, 0x00000000edd00000| 50%| E|  |TAMS 0x00000000edc00000| PB 0x00000000edc00000| Complete |  0
| 221|0x00000000edd00000, 0x00000000ede00000, 0x00000000ede00000|100%| E|CS|TAMS 0x00000000edd00000| PB 0x00000000edd00000| Complete |  0
| 222|0x00000000ede00000, 0x00000000edf00000, 0x00000000edf00000|100%| E|CS|TAMS 0x00000000ede00000| PB 0x00000000ede00000| Complete |  0
| 223|0x00000000edf00000, 0x00000000ee000000, 0x00000000ee000000|100%| E|CS|TAMS 0x00000000edf00000| PB 0x00000000edf00000| Complete |  0
| 224|0x00000000ee000000, 0x00000000ee100000, 0x00000000ee100000|100%| E|CS|TAMS 0x00000000ee000000| PB 0x00000000ee000000| Complete |  0
| 225|0x00000000ee100000, 0x00000000ee200000, 0x00000000ee200000|100%| E|CS|TAMS 0x00000000ee100000| PB 0x00000000ee100000| Complete |  0
| 226|0x00000000ee200000, 0x00000000ee300000, 0x00000000ee300000|100%| E|CS|TAMS 0x00000000ee200000| PB 0x00000000ee200000| Complete |  0
| 227|0x00000000ee300000, 0x00000000ee400000, 0x00000000ee400000|100%| E|CS|TAMS 0x00000000ee300000| PB 0x00000000ee300000| Complete |  0
| 228|0x00000000ee400000, 0x00000000ee500000, 0x00000000ee500000|100%| E|CS|TAMS 0x00000000ee400000| PB 0x00000000ee400000| Complete |  0
| 229|0x00000000ee500000, 0x00000000ee600000, 0x00000000ee600000|100%| E|CS|TAMS 0x00000000ee500000| PB 0x00000000ee500000| Complete |  0
| 230|0x00000000ee600000, 0x00000000ee700000, 0x00000000ee700000|100%| E|CS|TAMS 0x00000000ee600000| PB 0x00000000ee600000| Complete |  0
| 231|0x00000000ee700000, 0x00000000ee800000, 0x00000000ee800000|100%| E|CS|TAMS 0x00000000ee700000| PB 0x00000000ee700000| Complete |  0
| 232|0x00000000ee800000, 0x00000000ee900000, 0x00000000ee900000|100%| E|CS|TAMS 0x00000000ee800000| PB 0x00000000ee800000| Complete |  0
| 233|0x00000000ee900000, 0x00000000eea00000, 0x00000000eea00000|100%| S|CS|TAMS 0x00000000ee900000| PB 0x00000000ee900000| Complete |  0
| 234|0x00000000eea00000, 0x00000000eeb00000, 0x00000000eeb00000|100%| S|CS|TAMS 0x00000000eea00000| PB 0x00000000eea00000| Complete |  0
| 235|0x00000000eeb00000, 0x00000000eec00000, 0x00000000eec00000|100%| S|CS|TAMS 0x00000000eeb00000| PB 0x00000000eeb00000| Complete |  0
| 236|0x00000000eec00000, 0x00000000eed00000, 0x00000000eed00000|100%| S|CS|TAMS 0x00000000eec00000| PB 0x00000000eec00000| Complete |  0
| 237|0x00000000eed00000, 0x00000000eee00000, 0x00000000eee00000|100%| S|CS|TAMS 0x00000000eed00000| PB 0x00000000eed00000| Complete |  0
| 238|0x00000000eee00000, 0x00000000eef00000, 0x00000000eef00000|100%| S|CS|TAMS 0x00000000eee00000| PB 0x00000000eee00000| Complete |  0
| 239|0x00000000eef00000, 0x00000000ef000000, 0x00000000ef000000|100%| S|CS|TAMS 0x00000000eef00000| PB 0x00000000eef00000| Complete |  0
| 240|0x00000000ef000000, 0x00000000ef100000, 0x00000000ef100000|100%| S|CS|TAMS 0x00000000ef000000| PB 0x00000000ef000000| Complete |  0
| 241|0x00000000ef100000, 0x00000000ef200000, 0x00000000ef200000|100%| E|CS|TAMS 0x00000000ef100000| PB 0x00000000ef100000| Complete |  0
| 242|0x00000000ef200000, 0x00000000ef300000, 0x00000000ef300000|100%| E|CS|TAMS 0x00000000ef200000| PB 0x00000000ef200000| Complete |  0
| 243|0x00000000ef300000, 0x00000000ef400000, 0x00000000ef400000|100%| E|CS|TAMS 0x00000000ef300000| PB 0x00000000ef300000| Complete |  0
| 244|0x00000000ef400000, 0x00000000ef500000, 0x00000000ef500000|100%| E|CS|TAMS 0x00000000ef400000| PB 0x00000000ef400000| Complete |  0
| 245|0x00000000ef500000, 0x00000000ef600000, 0x00000000ef600000|100%| E|CS|TAMS 0x00000000ef500000| PB 0x00000000ef500000| Complete |  0
| 246|0x00000000ef600000, 0x00000000ef700000, 0x00000000ef700000|100%| E|CS|TAMS 0x00000000ef600000| PB 0x00000000ef600000| Complete |  0
| 247|0x00000000ef700000, 0x00000000ef800000, 0x00000000ef800000|100%| E|CS|TAMS 0x00000000ef700000| PB 0x00000000ef700000| Complete |  0
| 248|0x00000000ef800000, 0x00000000ef900000, 0x00000000ef900000|100%| E|CS|TAMS 0x00000000ef800000| PB 0x00000000ef800000| Complete |  0
| 249|0x00000000ef900000, 0x00000000efa00000, 0x00000000efa00000|100%| E|CS|TAMS 0x00000000ef900000| PB 0x00000000ef900000| Complete |  0
| 250|0x00000000efa00000, 0x00000000efb00000, 0x00000000efb00000|100%| S|CS|TAMS 0x00000000efa00000| PB 0x00000000efa00000| Complete |  0
| 251|0x00000000efb00000, 0x00000000efc00000, 0x00000000efc00000|100%| E|CS|TAMS 0x00000000efb00000| PB 0x00000000efb00000| Complete |  0
| 252|0x00000000efc00000, 0x00000000efd00000, 0x00000000efd00000|100%| E|CS|TAMS 0x00000000efc00000| PB 0x00000000efc00000| Complete |  0
| 255|0x00000000eff00000, 0x00000000f0000000, 0x00000000f0000000|100%| E|CS|TAMS 0x00000000eff00000| PB 0x00000000eff00000| Complete |  0
| 510|0x00000000ffe00000, 0x00000000fff00000, 0x00000000fff00000|100%| O|  |TAMS 0x00000000ffe00000| PB 0x00000000ffe00000| Untracked |  0
| 511|0x00000000fff00000, 0x0000000100000000, 0x0000000100000000|100%| E|CS|TAMS 0x00000000fff00000| PB 0x00000000fff00000| Complete |  0

Card table byte_map: [0x0000023bf8fa0000,0x0000023bf90a0000] _byte_map_base: 0x0000023bf88a0000

Marking Bits: (CMBitMap*) 0x0000023be0cab3a0
 Bits: [0x0000023bf90a0000, 0x0000023bf98a0000)

Polling page: 0x0000023bde000000

Metaspace:

Usage:
  Non-class:     32.62 MB used.
      Class:      4.05 MB used.
       Both:     36.67 MB used.

Virtual space:
  Non-class space:       64.00 MB reserved,      33.25 MB ( 52%) committed,  1 nodes.
      Class space:      320.00 MB reserved,       4.69 MB (  1%) committed,  1 nodes.
             Both:      384.00 MB reserved,      37.94 MB ( 10%) committed. 

Chunk freelists:
   Non-Class:  14.27 MB
       Class:  11.35 MB
        Both:  25.62 MB

MaxMetaspaceSize: 384.00 MB
CompressedClassSpaceSize: 320.00 MB
Initial GC threshold: 21.00 MB
Current GC threshold: 59.81 MB
CDS: on
 - commit_granule_bytes: 65536.
 - commit_granule_words: 8192.
 - virtual_space_node_default_size: 8388608.
 - enlarge_chunks_in_place: 1.
UseCompressedClassPointers 1, UseCompactObjectHeaders 0
Narrow klass pointer bits 32, Max shift 3
Narrow klass base: 0x0000023b80000000, Narrow klass shift: 0
Encoding Range: [0x0000023b80000000 - 0x0000023c80000000), (4294967296 bytes)
Klass Range:    [0x0000023b80000000 - 0x0000023b95000000), (352321536 bytes)
Klass ID Range:  [8 - 352321529) (352321521)


Internal statistics:

num_allocs_failed_limit: 12.
num_arena_births: 2132.
num_arena_deaths: 0.
num_vsnodes_births: 2.
num_vsnodes_deaths: 0.
num_space_committed: 607.
num_space_uncommitted: 0.
num_chunks_returned_to_freelist: 12.
num_chunks_taken_from_freelist: 3710.
num_chunk_merges: 12.
num_chunk_splits: 2433.
num_chunks_enlarged: 1528.
num_inconsistent_stats: 0.

CodeHeap 'non-profiled nmethods': size=119232Kb used=1564Kb max_used=1772Kb free=117667Kb
 bounds [0x0000023bf1090000, 0x0000023bf1300000, 0x0000023bf8500000]
CodeHeap 'profiled nmethods': size=119104Kb used=7749Kb max_used=8670Kb free=111354Kb
 bounds [0x0000023be9500000, 0x0000023be9d80000, 0x0000023bf0950000]
CodeHeap 'non-nmethods': size=7424Kb used=3679Kb max_used=3742Kb free=3744Kb
 bounds [0x0000023bf0950000, 0x0000023bf0d00000, 0x0000023bf1090000]
CodeCache: size=245760Kb, used=12992Kb, max_used=14184Kb, free=232765Kb
 total_blobs=5344, nmethods=4489, adapters=757, full_count=0
Compilation: enabled, stopped_count=0, restarted_count=0

Compilation events (20 events):
Event: 5.667 Thread 0x0000023b950301b0 4934       1       com.google.common.collect.LinkedHashMultimap$ValueEntry::setSuccessorInMultimap (6 bytes)
Event: 5.667 Thread 0x0000023b9a520960 4935       1       com.google.common.collect.LinkedHashMultimap$ValueEntry::setPredecessorInMultimap (6 bytes)
Event: 5.667 Thread 0x0000023b950e4170 4936       3       com.google.common.collect.Hashing::smearedHash (16 bytes)
Event: 5.667 Thread 0x0000023b9a520960 nmethod 4935 0x0000023bf11bf388 code [0x0000023bf11bf4a0, 0x0000023bf11bf5b0]
Event: 5.667 Thread 0x0000023b950301b0 nmethod 4934 0x0000023bf10b3b08 code [0x0000023bf10b3c20, 0x0000023bf10b3d30]
Event: 5.667 Thread 0x0000023b950e4170 nmethod 4936 0x0000023be9513a88 code [0x0000023be9513bc0, 0x0000023be9513de8]
Event: 5.667 Thread 0x0000023b950e4170 4937       3       org.gradle.model.internal.asm.ClassVisitorScope::publicMethod (9 bytes)
Event: 5.667 Thread 0x0000023b950e4170 nmethod 4937 0x0000023be951f308 code [0x0000023be951f420, 0x0000023be951f5f0]
Event: 5.667 Thread 0x0000023b9a520960 4938       3       org.gradle.model.internal.asm.MethodVisitorScope::_IRETURN_OF (12 bytes)
Event: 5.668 Thread 0x0000023b950301b0 4939       1       org.gradle.internal.instantiation.generator.AbstractClassGenerator$PropertyMetadata::getOverridableSetters (5 bytes)
Event: 5.668 Thread 0x0000023b950301b0 nmethod 4939 0x0000023bf10ceb08 code [0x0000023bf10cec00, 0x0000023bf10cecc8]
Event: 5.668 Thread 0x0000023b9a520960 nmethod 4938 0x0000023be9662c08 code [0x0000023be9662d40, 0x0000023be9663078]
Event: 5.668 Thread 0x0000023b950301b0 4940       3       org.objectweb.asm.Label::addForwardReference (102 bytes)
Event: 5.668 Thread 0x0000023b950301b0 nmethod 4940 0x0000023be97b7f08 code [0x0000023be97b8040, 0x0000023be97b8518]
Event: 5.670 Thread 0x0000023b950e4170 4941       1       sun.reflect.generics.tree.MethodTypeSignature::getParameterTypes (5 bytes)
Event: 5.670 Thread 0x0000023b950301b0 4942       3       java.lang.ThreadLocal::set (28 bytes)
Event: 5.670 Thread 0x0000023b9a520960 4943       3       java.lang.ThreadLocal::set (26 bytes)
Event: 5.670 Thread 0x0000023b950e4170 nmethod 4941 0x0000023bf1121388 code [0x0000023bf1121480, 0x0000023bf1121548]
Event: 5.670 Thread 0x0000023b9a520960 nmethod 4943 0x0000023be9693608 code [0x0000023be9693740, 0x0000023be9693a90]
Event: 5.670 Thread 0x0000023b950301b0 nmethod 4942 0x0000023be9747708 code [0x0000023be9747860, 0x0000023be9747c38]

GC Heap History (12 events):
Event: 1.131 GC heap before
{Heap before GC invocations=0 (full 0):
 garbage-first heap   total reserved 524288K, committed 264192K, used 51312K [0x00000000e0000000, 0x0000000100000000)
  region size 1024K, 47 young (48128K), 0 survivors (0K)
 Metaspace       used 4480K, committed 4736K, reserved 393216K
  class space    used 386K, committed 512K, reserved 327680K
}
Event: 1.136 GC heap after
{Heap after GC invocations=1 (full 0):
 garbage-first heap   total reserved 524288K, committed 264192K, used 11521K [0x00000000e0000000, 0x0000000100000000)
  region size 1024K, 6 young (6144K), 6 survivors (6144K)
 Metaspace       used 4480K, committed 4736K, reserved 393216K
  class space    used 386K, committed 512K, reserved 327680K
}
Event: 3.256 GC heap before
{Heap before GC invocations=1 (full 0):
 garbage-first heap   total reserved 524288K, committed 264192K, used 122113K [0x00000000e0000000, 0x0000000100000000)
  region size 1024K, 112 young (114688K), 6 survivors (6144K)
 Metaspace       used 15081K, committed 15552K, reserved 393216K
  class space    used 1559K, committed 1792K, reserved 327680K
}
Event: 3.266 GC heap after
{Heap after GC invocations=2 (full 0):
 garbage-first heap   total reserved 524288K, committed 264192K, used 20906K [0x00000000e0000000, 0x0000000100000000)
  region size 1024K, 14 young (14336K), 14 survivors (14336K)
 Metaspace       used 15081K, committed 15552K, reserved 393216K
  class space    used 1559K, committed 1792K, reserved 327680K
}
Event: 3.996 GC heap before
{Heap before GC invocations=2 (full 0):
 garbage-first heap   total reserved 524288K, committed 264192K, used 64938K [0x00000000e0000000, 0x0000000100000000)
  region size 1024K, 59 young (60416K), 14 survivors (14336K)
 Metaspace       used 20826K, committed 21504K, reserved 393216K
  class space    used 2244K, committed 2560K, reserved 327680K
}
Event: 4.006 GC heap after
{Heap after GC invocations=3 (full 0):
 garbage-first heap   total reserved 524288K, committed 264192K, used 24719K [0x00000000e0000000, 0x0000000100000000)
  region size 1024K, 12 young (12288K), 12 survivors (12288K)
 Metaspace       used 20826K, committed 21504K, reserved 393216K
  class space    used 2244K, committed 2560K, reserved 327680K
}
Event: 5.468 GC heap before
{Heap before GC invocations=4 (full 0):
 garbage-first heap   total reserved 524288K, committed 262144K, used 145551K [0x00000000e0000000, 0x0000000100000000)
  region size 1024K, 127 young (130048K), 12 survivors (12288K)
 Metaspace       used 34874K, committed 35968K, reserved 393216K
  class space    used 3754K, committed 4288K, reserved 327680K
}
Event: 5.483 GC heap after
{Heap after GC invocations=5 (full 0):
 garbage-first heap   total reserved 524288K, committed 262144K, used 33732K [0x00000000e0000000, 0x0000000100000000)
  region size 1024K, 12 young (12288K), 12 survivors (12288K)
 Metaspace       used 34874K, committed 35968K, reserved 393216K
  class space    used 3754K, committed 4288K, reserved 327680K
}
Event: 5.537 GC heap before
{Heap before GC invocations=5 (full 0):
 garbage-first heap   total reserved 524288K, committed 262144K, used 36804K [0x00000000e0000000, 0x0000000100000000)
  region size 1024K, 16 young (16384K), 12 survivors (12288K)
 Metaspace       used 35173K, committed 36288K, reserved 393216K
  class space    used 3792K, committed 4352K, reserved 327680K
}
Event: 5.544 GC heap after
{Heap after GC invocations=6 (full 0):
 garbage-first heap   total reserved 524288K, committed 262144K, used 33761K [0x00000000e0000000, 0x0000000100000000)
  region size 1024K, 9 young (9216K), 9 survivors (9216K)
 Metaspace       used 35173K, committed 36288K, reserved 393216K
  class space    used 3792K, committed 4352K, reserved 327680K
}
Event: 5.582 GC heap before
{Heap before GC invocations=6 (full 0):
 garbage-first heap   total reserved 524288K, committed 262144K, used 36833K [0x00000000e0000000, 0x0000000100000000)
  region size 1024K, 13 young (13312K), 9 survivors (9216K)
 Metaspace       used 35453K, committed 36608K, reserved 393216K
  class space    used 3828K, committed 4416K, reserved 327680K
}
Event: 5.590 GC heap after
{Heap after GC invocations=7 (full 0):
 garbage-first heap   total reserved 524288K, committed 262144K, used 33761K [0x00000000e0000000, 0x0000000100000000)
  region size 1024K, 9 young (9216K), 9 survivors (9216K)
 Metaspace       used 35453K, committed 36608K, reserved 393216K
  class space    used 3828K, committed 4416K, reserved 327680K
}

Dll operation events (15 events):
Event: 0.023 Loaded shared library C:\Users\victo\.jdks\openjdk-24.0.2+12-54\bin\java.dll
Event: 0.050 Loaded shared library C:\Users\victo\.jdks\openjdk-24.0.2+12-54\bin\jsvml.dll
Event: 0.086 Loaded shared library C:\Users\victo\.jdks\openjdk-24.0.2+12-54\bin\zip.dll
Event: 0.090 Loaded shared library C:\Users\victo\.jdks\openjdk-24.0.2+12-54\bin\instrument.dll
Event: 0.094 Loaded shared library C:\Users\victo\.jdks\openjdk-24.0.2+12-54\bin\net.dll
Event: 0.097 Loaded shared library C:\Users\victo\.jdks\openjdk-24.0.2+12-54\bin\nio.dll
Event: 0.100 Loaded shared library C:\Users\victo\.jdks\openjdk-24.0.2+12-54\bin\zip.dll
Event: 0.435 Loaded shared library C:\Users\victo\.jdks\openjdk-24.0.2+12-54\bin\jimage.dll
Event: 0.646 Loaded shared library C:\Users\victo\.jdks\openjdk-24.0.2+12-54\bin\verify.dll
Event: 0.770 Loaded shared library C:\Users\victo\.gradle\native\1def1411415f61bf3af743bc5b6707747c0891f09f0c88961ee8f79bc544acac\windows-amd64\native-platform.dll
Event: 0.787 Loaded shared library C:\Users\victo\.gradle\native\0.2.7\x86_64-windows-gnu\gradle-fileevents.dll
Event: 1.877 Loaded shared library C:\Users\victo\.jdks\openjdk-24.0.2+12-54\bin\management.dll
Event: 1.893 Loaded shared library C:\Users\victo\.jdks\openjdk-24.0.2+12-54\bin\management_ext.dll
Event: 2.068 Loaded shared library C:\Users\victo\.jdks\openjdk-24.0.2+12-54\bin\extnet.dll
Event: 2.388 Loaded shared library C:\Users\victo\.jdks\openjdk-24.0.2+12-54\bin\sunmscapi.dll

Deoptimization events (20 events):
Event: 5.361 Thread 0x0000023b9b152320 Uncommon trap: trap_request=0xffffff4d fr.pc=0x0000023bf11c4230 relative=0x00000000000016f0
Event: 5.361 Thread 0x0000023b9b152320 Uncommon trap: reason=unstable_if action=reinterpret pc=0x0000023bf11c4230 method=java.lang.invoke.InvokerBytecodeGenerator.isStaticallyNameable(Ljava/lang/Class;)Z @ 137 c2
Event: 5.361 Thread 0x0000023b9b152320 DEOPT PACKING pc=0x0000023bf11c4230 sp=0x000000cd184f9460
Event: 5.361 Thread 0x0000023b9b152320 DEOPT UNPACKING pc=0x0000023bf0a66b02 sp=0x000000cd184f9340 mode 2
Event: 5.409 Thread 0x0000023b9b152320 Uncommon trap: trap_request=0xffffffde fr.pc=0x0000023bf10e1b5c relative=0x0000000000000fbc
Event: 5.409 Thread 0x0000023b9b152320 Uncommon trap: reason=class_check action=maybe_recompile pc=0x0000023bf10e1b5c method=jdk.internal.loader.URLClassPath.getLoader(I)Ljdk/internal/loader/URLClassPath$Loader; @ 198 c2
Event: 5.409 Thread 0x0000023b9b152320 DEOPT PACKING pc=0x0000023bf10e1b5c sp=0x000000cd184fa050
Event: 5.409 Thread 0x0000023b9b152320 DEOPT UNPACKING pc=0x0000023bf0a66b02 sp=0x000000cd184fa028 mode 2
Event: 5.415 Thread 0x0000023b9b152320 Uncommon trap: trap_request=0xffffffc6 fr.pc=0x0000023bf10b9a48 relative=0x00000000000002e8
Event: 5.415 Thread 0x0000023b9b152320 Uncommon trap: reason=bimorphic_or_optimized_type_check action=maybe_recompile pc=0x0000023bf10b9a48 method=java.util.regex.Pattern$Slice.match(Ljava/util/regex/Matcher;ILjava/lang/CharSequence;)Z @ 75 c2
Event: 5.415 Thread 0x0000023b9b152320 DEOPT PACKING pc=0x0000023bf10b9a48 sp=0x000000cd184f94a0
Event: 5.415 Thread 0x0000023b9b152320 DEOPT UNPACKING pc=0x0000023bf0a66b02 sp=0x000000cd184f9420 mode 2
Event: 5.415 Thread 0x0000023b9b152320 Uncommon trap: trap_request=0xffffffc6 fr.pc=0x0000023bf10b9a48 relative=0x00000000000002e8
Event: 5.415 Thread 0x0000023b9b152320 Uncommon trap: reason=bimorphic_or_optimized_type_check action=maybe_recompile pc=0x0000023bf10b9a48 method=java.util.regex.Pattern$Slice.match(Ljava/util/regex/Matcher;ILjava/lang/CharSequence;)Z @ 75 c2
Event: 5.415 Thread 0x0000023b9b152320 DEOPT PACKING pc=0x0000023bf10b9a48 sp=0x000000cd184f94a0
Event: 5.415 Thread 0x0000023b9b152320 DEOPT UNPACKING pc=0x0000023bf0a66b02 sp=0x000000cd184f9420 mode 2
Event: 5.670 Thread 0x0000023b9b152320 Uncommon trap: trap_request=0xffffffde fr.pc=0x0000023bf123a330 relative=0x00000000000017f0
Event: 5.670 Thread 0x0000023b9b152320 Uncommon trap: reason=class_check action=maybe_recompile pc=0x0000023bf123a330 method=java.util.regex.Pattern$CharProperty.study(Ljava/util/regex/Pattern$TreeInfo;)Z @ 25 c2
Event: 5.670 Thread 0x0000023b9b152320 DEOPT PACKING pc=0x0000023bf123a330 sp=0x000000cd184f71d0
Event: 5.670 Thread 0x0000023b9b152320 DEOPT UNPACKING pc=0x0000023bf0a66b02 sp=0x000000cd184f7098 mode 2

Classes loaded (20 events):
Event: 5.414 Loading class sun/reflect/generics/tree/IntSignature
Event: 5.414 Loading class sun/reflect/generics/tree/IntSignature done
Event: 5.414 Loading class sun/reflect/generics/tree/ArrayTypeSignature
Event: 5.414 Loading class sun/reflect/generics/tree/ArrayTypeSignature done
Event: 5.416 Loading class com/sun/beans/finder/MethodFinder
Event: 5.417 Loading class com/sun/beans/finder/AbstractFinder
Event: 5.417 Loading class com/sun/beans/finder/AbstractFinder done
Event: 5.417 Loading class com/sun/beans/finder/MethodFinder done
Event: 5.417 Loading class com/sun/beans/finder/MethodFinder$1
Event: 5.417 Loading class com/sun/beans/finder/MethodFinder$1 done
Event: 5.417 Loading class com/sun/beans/finder/FinderUtils
Event: 5.417 Loading class com/sun/beans/finder/FinderUtils done
Event: 5.419 Loading class java/util/Spliterators$EmptySpliterator$OfInt
Event: 5.419 Loading class java/util/Spliterators$EmptySpliterator$OfInt done
Event: 5.486 Loading class java/util/function/IntBinaryOperator
Event: 5.486 Loading class java/util/function/IntBinaryOperator done
Event: 5.608 Loading class java/lang/invoke/SerializedLambda
Event: 5.609 Loading class java/lang/invoke/SerializedLambda done
Event: 5.631 Loading class java/lang/SafeVarargs
Event: 5.632 Loading class java/lang/SafeVarargs done

Classes unloaded (0 events):
No events

Classes redefined (0 events):
No events

Internal exceptions (20 events):
Event: 5.324 Thread 0x0000023b9b152320 Implicit null exception at 0x0000023bf11c00e3 to 0x0000023bf11c03ec
Event: 5.325 Thread 0x0000023b9b152320 Exception <a 'java/lang/NoSuchMethodError'{0x00000000e88b7560}: 'java.lang.Object java.lang.invoke.DirectMethodHandle$Holder.invokeStatic(java.lang.Object, java.lang.Object, java.lang.Object, java.lang.Object, int)'> (0x00000000e88b7560) 
thrown [s\open\src\hotspot\share\interpreter\linkResolver.cpp, line 805]
Event: 5.340 Thread 0x0000023b9b152320 Exception <a 'java/lang/ClassNotFoundException'{0x00000000e86231b8}: org/gradle/invocation/DefaultGradle_DecoratedBeanInfo> (0x00000000e86231b8) 
thrown [s\open\src\hotspot\share\classfile\systemDictionary.cpp, line 327]
Event: 5.340 Thread 0x0000023b9b152320 Exception <a 'java/lang/ClassNotFoundException'{0x00000000e862efc0}: org/gradle/invocation/DefaultGradleBeanInfo> (0x00000000e862efc0) 
thrown [s\open\src\hotspot\share\classfile\systemDictionary.cpp, line 327]
Event: 5.341 Thread 0x0000023b9b152320 Exception <a 'java/lang/ClassNotFoundException'{0x00000000e863af28}: org/gradle/api/internal/project/AbstractPluginAwareBeanInfo> (0x00000000e863af28) 
thrown [s\open\src\hotspot\share\classfile\systemDictionary.cpp, line 327]
Event: 5.341 Thread 0x0000023b9b152320 Exception <a 'java/lang/ClassNotFoundException'{0x00000000e8646ee0}: org/gradle/api/internal/project/AbstractPluginAwareCustomizer> (0x00000000e8646ee0) 
thrown [s\open\src\hotspot\share\classfile\systemDictionary.cpp, line 327]
Event: 5.343 Thread 0x0000023b9b152320 Exception <a 'java/lang/ClassNotFoundException'{0x00000000e8659740}: org/gradle/invocation/DefaultGradleCustomizer> (0x00000000e8659740) 
thrown [s\open\src\hotspot\share\classfile\systemDictionary.cpp, line 327]
Event: 5.345 Thread 0x0000023b9b152320 Exception <a 'java/lang/ClassNotFoundException'{0x00000000e869b5a8}: org/gradle/invocation/DefaultGradle_DecoratedCustomizer> (0x00000000e869b5a8) 
thrown [s\open\src\hotspot\share\classfile\systemDictionary.cpp, line 327]
Event: 5.413 Thread 0x0000023b9b152320 Exception <a 'java/lang/ClassNotFoundException'{0x00000000e8234ce8}: groovy/lang/Closure$1BeanInfo> (0x00000000e8234ce8) 
thrown [s\open\src\hotspot\share\classfile\systemDictionary.cpp, line 327]
Event: 5.413 Thread 0x0000023b9b152320 Exception <a 'java/lang/ClassNotFoundException'{0x00000000e8240b78}: groovy/lang/ClosureBeanInfo> (0x00000000e8240b78) 
thrown [s\open\src\hotspot\share\classfile\systemDictionary.cpp, line 327]
Event: 5.414 Thread 0x0000023b9b152320 Exception <a 'java/lang/ClassNotFoundException'{0x00000000e824c910}: groovy/lang/ClosureCustomizer> (0x00000000e824c910) 
thrown [s\open\src\hotspot\share\classfile\systemDictionary.cpp, line 327]
Event: 5.416 Thread 0x0000023b9b152320 Exception <a 'java/lang/ClassNotFoundException'{0x00000000e827bea8}: groovy/lang/Closure$1Customizer> (0x00000000e827bea8) 
thrown [s\open\src\hotspot\share\classfile\systemDictionary.cpp, line 327]
Event: 5.452 Thread 0x0000023b9b152320 Exception <a 'java/lang/ClassNotFoundException'{0x00000000e8072208}: ijJvmDebugger1_1xoloafcpvpji044jaejyqxuzBeanInfo> (0x00000000e8072208) 
thrown [s\open\src\hotspot\share\classfile\systemDictionary.cpp, line 327]
Event: 5.452 Thread 0x0000023b9b152320 Exception <a 'java/lang/ClassNotFoundException'{0x00000000e8077ad0}: ijJvmDebugger1_1xoloafcpvpji044jaejyqxuzCustomizer> (0x00000000e8077ad0) 
thrown [s\open\src\hotspot\share\classfile\systemDictionary.cpp, line 327]
Event: 5.459 Thread 0x0000023b9b152320 Exception <a 'java/lang/ClassNotFoundException'{0x00000000e80c32a8}: org/gradle/internal/metaobject/ConfigureDelegateBeanInfo> (0x00000000e80c32a8) 
thrown [s\open\src\hotspot\share\classfile\systemDictionary.cpp, line 327]
Event: 5.459 Thread 0x0000023b9b152320 Exception <a 'java/lang/ClassNotFoundException'{0x00000000e80cf150}: org/gradle/internal/metaobject/ConfigureDelegateCustomizer> (0x00000000e80cf150) 
thrown [s\open\src\hotspot\share\classfile\systemDictionary.cpp, line 327]
Event: 5.496 Thread 0x0000023b9b152320 Exception <a 'java/lang/ClassNotFoundException'{0x00000000effe3dc0}: org/gradle/api/internal/initialization/DefaultScriptHandler_DecoratedBeanInfo> (0x00000000effe3dc0) 
thrown [s\open\src\hotspot\share\classfile\systemDictionary.cpp, line 327]
Event: 5.496 Thread 0x0000023b9b152320 Exception <a 'java/lang/ClassNotFoundException'{0x00000000efff1aa0}: org/gradle/api/internal/initialization/DefaultScriptHandlerBeanInfo> (0x00000000efff1aa0) 
thrown [s\open\src\hotspot\share\classfile\systemDictionary.cpp, line 327]
Event: 5.497 Thread 0x0000023b9b152320 Exception <a 'java/lang/ClassNotFoundException'{0x00000000effff788}: org/gradle/api/internal/initialization/DefaultScriptHandlerCustomizer> (0x00000000effff788) 
thrown [s\open\src\hotspot\share\classfile\systemDictionary.cpp, line 327]
Event: 5.499 Thread 0x0000023b9b152320 Exception <a 'java/lang/ClassNotFoundException'{0x00000000efc191c8}: org/gradle/api/internal/initialization/DefaultScriptHandler_DecoratedCustomizer> (0x00000000efc191c8) 
thrown [s\open\src\hotspot\share\classfile\systemDictionary.cpp, line 327]

VM Operations (20 events):
Event: 5.007 Executing VM operation: HandshakeAllThreads (Deoptimize)
Event: 5.008 Executing VM operation: HandshakeAllThreads (Deoptimize) done
Event: 5.103 Executing VM operation: HandshakeAllThreads (Deoptimize)
Event: 5.103 Executing VM operation: HandshakeAllThreads (Deoptimize) done
Event: 5.115 Executing VM operation: HandshakeAllThreads (Deoptimize)
Event: 5.115 Executing VM operation: HandshakeAllThreads (Deoptimize) done
Event: 5.175 Executing VM operation: HandshakeAllThreads (Deoptimize)
Event: 5.175 Executing VM operation: HandshakeAllThreads (Deoptimize) done
Event: 5.468 Executing VM operation: CollectForMetadataAllocation (Metadata GC Threshold)
Event: 5.483 Executing VM operation: CollectForMetadataAllocation (Metadata GC Threshold) done
Event: 5.537 Executing VM operation: CollectForMetadataAllocation (Metadata GC Threshold)
Event: 5.545 Executing VM operation: CollectForMetadataAllocation (Metadata GC Threshold) done
Event: 5.582 Executing VM operation: CollectForMetadataAllocation (Metadata GC Threshold)
Event: 5.590 Executing VM operation: CollectForMetadataAllocation (Metadata GC Threshold) done
Event: 5.603 Executing VM operation: G1PauseRemark
Event: 5.606 Executing VM operation: G1PauseRemark done
Event: 5.610 Executing VM operation: G1PauseCleanup
Event: 5.610 Executing VM operation: G1PauseCleanup done
Event: 5.621 Executing VM operation: HandshakeAllThreads (Deoptimize)
Event: 5.621 Executing VM operation: HandshakeAllThreads (Deoptimize) done

Memory protections (0 events):
No events

Nmethod flushes (20 events):
Event: 5.605 Thread 0x0000023b9500e9d0 flushing  nmethod 0x0000023be9605188
Event: 5.605 Thread 0x0000023b9500e9d0 flushing  nmethod 0x0000023be9606d08
Event: 5.605 Thread 0x0000023b9500e9d0 flushing  nmethod 0x0000023be9608008
Event: 5.605 Thread 0x0000023b9500e9d0 flushing  nmethod 0x0000023be9659788
Event: 5.605 Thread 0x0000023b9500e9d0 flushing  nmethod 0x0000023be965ae88
Event: 5.605 Thread 0x0000023b9500e9d0 flushing  nmethod 0x0000023be965ff88
Event: 5.605 Thread 0x0000023b9500e9d0 flushing  nmethod 0x0000023be9661088
Event: 5.605 Thread 0x0000023b9500e9d0 flushing  nmethod 0x0000023be96bad08
Event: 5.605 Thread 0x0000023b9500e9d0 flushing  nmethod 0x0000023be96bcd08
Event: 5.605 Thread 0x0000023b9500e9d0 flushing  nmethod 0x0000023be971b508
Event: 5.605 Thread 0x0000023b9500e9d0 flushing  nmethod 0x0000023be9723708
Event: 5.605 Thread 0x0000023b9500e9d0 flushing  nmethod 0x0000023be9723a08
Event: 5.605 Thread 0x0000023b9500e9d0 flushing  nmethod 0x0000023be97b7f08
Event: 5.605 Thread 0x0000023b9500e9d0 flushing  nmethod 0x0000023be982b508
Event: 5.605 Thread 0x0000023b9500e9d0 flushing  nmethod 0x0000023be982b808
Event: 5.605 Thread 0x0000023b9500e9d0 flushing  nmethod 0x0000023be982da08
Event: 5.605 Thread 0x0000023b9500e9d0 flushing  nmethod 0x0000023be9868e08
Event: 5.605 Thread 0x0000023b9500e9d0 flushing  nmethod 0x0000023be9869488
Event: 5.605 Thread 0x0000023b9500e9d0 flushing  nmethod 0x0000023be9870408
Event: 5.605 Thread 0x0000023b9500e9d0 flushing  nmethod 0x0000023be9871388

Events (20 events):
Event: 2.341 Thread 0x0000023bddca13e0 Thread added: 0x0000023b9b0222f0
Event: 2.410 Thread 0x0000023b9afe57e0 Thread added: 0x0000023b9b1a0a20
Event: 2.413 Thread 0x0000023b9b1a0a20 Thread added: 0x0000023b9b150d30
Event: 2.458 Thread 0x0000023b9b1a0a20 Thread added: 0x0000023b9b152a70
Event: 2.470 Thread 0x0000023b9b1a0a20 Thread added: 0x0000023b9b152320
Event: 2.483 Thread 0x0000023b9b152320 Thread added: 0x0000023b9b1531c0
Event: 2.505 Thread 0x0000023b9b152320 Thread added: 0x0000023b9b151480
Event: 2.509 Thread 0x0000023b9b152320 Thread added: 0x0000023b9b151bd0
Event: 3.073 Thread 0x0000023b9b152320 Thread added: 0x0000023b9b154060
Event: 3.083 Thread 0x0000023b9b152320 Thread added: 0x0000023b9b3ef910
Event: 3.256 Thread 0x0000023b9b152320 Thread added: 0x0000023b9b3f1650
Event: 4.130 Thread 0x0000023b9b152320 Thread added: 0x0000023b9b3ebe90
Event: 4.148 Thread 0x0000023b9b152320 Thread added: 0x0000023b9b3f24f0
Event: 4.351 Thread 0x0000023b9b152320 Thread added: 0x0000023b9b3f0f00
Event: 4.357 Thread 0x0000023b9b152320 Thread added: 0x0000023b9b3edbd0
Event: 4.647 Thread 0x0000023b9b152320 Thread added: 0x0000023b9b3f2c40
Event: 4.688 Thread 0x0000023b9b152320 Thread added: 0x0000023b9b3f3390
Event: 5.262 Thread 0x0000023b9b152320 Thread added: 0x0000023b9b3f07b0
Event: 5.290 Thread 0x0000023b9b152320 Thread added: 0x0000023b9b3ecd30
Event: 5.443 Thread 0x0000023b9b152320 Thread added: 0x0000023b9b3ed480


Dynamic libraries:
0x00007ff69fc60000 - 0x00007ff69fc6e000 	C:\Users\victo\.jdks\openjdk-24.0.2+12-54\bin\java.exe
0x00007ff82dc30000 - 0x00007ff82de47000 	C:\Windows\SYSTEM32\ntdll.dll
0x00007ff82c950000 - 0x00007ff82ca14000 	C:\Windows\System32\KERNEL32.DLL
0x00007ff82b0a0000 - 0x00007ff82b472000 	C:\Windows\System32\KERNELBASE.dll
0x00007ffff6280000 - 0x00007ffff635b000 	C:\Program Files\Bitdefender\Bitdefender Security\bdhkm\dlls_267991617465082463\bdhkm64.dll
0x00007ffff60a0000 - 0x00007ffff6279000 	C:\Program Files\Bitdefender\Bitdefender Security\atcuf\dlls_268000078786270200\atcuf64.dll
0x00007ff8266e0000 - 0x00007ff826777000 	C:\Windows\SYSTEM32\apphelp.dll
0x00007ff82af80000 - 0x00007ff82b091000 	C:\Windows\System32\ucrtbase.dll
0x00007ff824020000 - 0x00007ff824036000 	C:\Users\victo\.jdks\openjdk-24.0.2+12-54\bin\jli.dll
0x00007ff82d9c0000 - 0x00007ff82db71000 	C:\Windows\System32\USER32.dll
0x00007ff82b5f0000 - 0x00007ff82b616000 	C:\Windows\System32\win32u.dll
0x00007ff82cf80000 - 0x00007ff82cfa9000 	C:\Windows\System32\GDI32.dll
0x00007ff82b790000 - 0x00007ff82b8b3000 	C:\Windows\System32\gdi32full.dll
0x00007ff82ada0000 - 0x00007ff82ae3a000 	C:\Windows\System32\msvcp_win.dll
0x00007ff80f530000 - 0x00007ff80f54b000 	C:\Users\victo\.jdks\openjdk-24.0.2+12-54\bin\VCRUNTIME140.dll
0x00007ff815a10000 - 0x00007ff815cab000 	C:\Windows\WinSxS\amd64_microsoft.windows.common-controls_6595b64144ccf1df_6.0.22621.5697_none_27154c497380d676\COMCTL32.dll
0x00007ff82cfb0000 - 0x00007ff82d057000 	C:\Windows\System32\msvcrt.dll
0x00007ff82c910000 - 0x00007ff82c941000 	C:\Windows\System32\IMM32.DLL
0x00007ff826630000 - 0x00007ff82663c000 	C:\Users\victo\.jdks\openjdk-24.0.2+12-54\bin\vcruntime140_1.dll
0x00007fffb8600000 - 0x00007fffb868e000 	C:\Users\victo\.jdks\openjdk-24.0.2+12-54\bin\msvcp140.dll
0x00007fff97320000 - 0x00007fff980c1000 	C:\Users\victo\.jdks\openjdk-24.0.2+12-54\bin\server\jvm.dll
0x00007ff82bea0000 - 0x00007ff82bf51000 	C:\Windows\System32\ADVAPI32.dll
0x00007ff82c570000 - 0x00007ff82c618000 	C:\Windows\System32\sechost.dll
0x00007ff82b480000 - 0x00007ff82b4a8000 	C:\Windows\System32\bcrypt.dll
0x00007ff82caa0000 - 0x00007ff82cbb7000 	C:\Windows\System32\RPCRT4.dll
0x00007ff82c840000 - 0x00007ff82c8b1000 	C:\Windows\System32\WS2_32.dll
0x00007ff82abf0000 - 0x00007ff82ac3d000 	C:\Windows\SYSTEM32\POWRPROF.dll
0x00007ff827030000 - 0x00007ff827064000 	C:\Windows\SYSTEM32\WINMM.dll
0x00007ff823780000 - 0x00007ff82378a000 	C:\Windows\SYSTEM32\VERSION.dll
0x00007ff82abd0000 - 0x00007ff82abe3000 	C:\Windows\SYSTEM32\UMPDC.dll
0x00007ff829cc0000 - 0x00007ff829cd8000 	C:\Windows\SYSTEM32\kernel.appcore.dll
0x00007ff824010000 - 0x00007ff82401a000 	C:\Users\victo\.jdks\openjdk-24.0.2+12-54\bin\jimage.dll
0x00007ff81fbd0000 - 0x00007ff81fe03000 	C:\Windows\SYSTEM32\DBGHELP.DLL
0x00007ff82cbc0000 - 0x00007ff82cf52000 	C:\Windows\System32\combase.dll
0x00007ff82c250000 - 0x00007ff82c328000 	C:\Windows\System32\OLEAUT32.dll
0x00007fffffeb0000 - 0x00007fffffee2000 	C:\Windows\SYSTEM32\dbgcore.DLL
0x00007ff82ad20000 - 0x00007ff82ad9b000 	C:\Windows\System32\bcryptPrimitives.dll
0x00007ff8102f0000 - 0x00007ff8102ff000 	C:\Users\victo\.jdks\openjdk-24.0.2+12-54\bin\instrument.dll
0x00007ffffb700000 - 0x00007ffffb71e000 	C:\Users\victo\.jdks\openjdk-24.0.2+12-54\bin\java.dll
0x00007ff82c6a0000 - 0x00007ff82c840000 	C:\Windows\System32\ole32.dll
0x00007ff82d060000 - 0x00007ff82d901000 	C:\Windows\System32\SHELL32.dll
0x00007ff82ae40000 - 0x00007ff82af7f000 	C:\Windows\System32\wintypes.dll
0x00007ff828bb0000 - 0x00007ff8294ca000 	C:\Windows\SYSTEM32\windows.storage.dll
0x00007ff82c140000 - 0x00007ff82c24b000 	C:\Windows\System32\SHCORE.dll
0x00007ff82db80000 - 0x00007ff82dbe9000 	C:\Windows\System32\shlwapi.dll
0x00007ff82ac50000 - 0x00007ff82ac7b000 	C:\Windows\SYSTEM32\profapi.dll
0x00007fffaae10000 - 0x00007fffaaee7000 	C:\Users\victo\.jdks\openjdk-24.0.2+12-54\bin\jsvml.dll
0x00007ffffb150000 - 0x00007ffffb167000 	C:\Users\victo\.jdks\openjdk-24.0.2+12-54\bin\zip.dll
0x00007ff80d280000 - 0x00007ff80d290000 	C:\Users\victo\.jdks\openjdk-24.0.2+12-54\bin\net.dll
0x00007ff82a180000 - 0x00007ff82a1e9000 	C:\Windows\system32\mswsock.dll
0x00007ffffb040000 - 0x00007ffffb056000 	C:\Users\victo\.jdks\openjdk-24.0.2+12-54\bin\nio.dll
0x00007ff808490000 - 0x00007ff8084a0000 	C:\Users\victo\.jdks\openjdk-24.0.2+12-54\bin\verify.dll
0x00007fffde490000 - 0x00007fffde4b7000 	C:\Users\victo\.gradle\native\1def1411415f61bf3af743bc5b6707747c0891f09f0c88961ee8f79bc544acac\windows-amd64\native-platform.dll
0x00007fffaad90000 - 0x00007fffaae08000 	C:\Users\victo\.gradle\native\0.2.7\x86_64-windows-gnu\gradle-fileevents.dll
0x00007ff806c60000 - 0x00007ff806c6a000 	C:\Users\victo\.jdks\openjdk-24.0.2+12-54\bin\management.dll
0x00007ff800ea0000 - 0x00007ff800eab000 	C:\Users\victo\.jdks\openjdk-24.0.2+12-54\bin\management_ext.dll
0x00007ff82ca30000 - 0x00007ff82ca38000 	C:\Windows\System32\PSAPI.DLL
0x00007ff829730000 - 0x00007ff82975d000 	C:\Windows\SYSTEM32\IPHLPAPI.DLL
0x00007ff82ca20000 - 0x00007ff82ca29000 	C:\Windows\System32\NSI.dll
0x00007ff800e60000 - 0x00007ff800e69000 	C:\Users\victo\.jdks\openjdk-24.0.2+12-54\bin\extnet.dll
0x00007ff82a4d0000 - 0x00007ff82a4eb000 	C:\Windows\SYSTEM32\CRYPTSP.dll
0x00007ff829c20000 - 0x00007ff829c57000 	C:\Windows\system32\rsaenh.dll
0x00007ff82a220000 - 0x00007ff82a248000 	C:\Windows\SYSTEM32\USERENV.dll
0x00007ff82a4b0000 - 0x00007ff82a4bc000 	C:\Windows\SYSTEM32\CRYPTBASE.dll
0x00007ff800de0000 - 0x00007ff800dee000 	C:\Users\victo\.jdks\openjdk-24.0.2+12-54\bin\sunmscapi.dll
0x00007ff82b620000 - 0x00007ff82b788000 	C:\Windows\System32\CRYPT32.dll
0x00007ff82a5c0000 - 0x00007ff82a5ed000 	C:\Windows\SYSTEM32\ncrypt.dll
0x00007ff82a580000 - 0x00007ff82a5b7000 	C:\Windows\SYSTEM32\NTASN1.dll
0x00007fff90f70000 - 0x00007fff90f78000 	C:\Windows\system32\wshunix.dll

JVMTI agents:
C:\Users\victo\.gradle\wrapper\dists\gradle-8.14-bin\38aieal9i53h9rfe7vjup95b9\gradle-8.14\lib\agents\gradle-instrumentation-agent-8.14.jar path:C:\Users\victo\.jdks\openjdk-24.0.2+12-54\bin\instrument.dll, loaded, initialized, instrumentlib options:none

dbghelp: loaded successfully - version: 4.0.5 - missing functions: none
symbol engine: initialized successfully - sym options: 0x614 - pdb path: .;C:\Users\victo\.jdks\openjdk-24.0.2+12-54\bin;C:\Windows\SYSTEM32;C:\Program Files\Bitdefender\Bitdefender Security\bdhkm\dlls_267991617465082463;C:\Program Files\Bitdefender\Bitdefender Security\atcuf\dlls_268000078786270200;C:\Windows\WinSxS\amd64_microsoft.windows.common-controls_6595b64144ccf1df_6.0.22621.5697_none_27154c497380d676;C:\Users\victo\.jdks\openjdk-24.0.2+12-54\bin\server;C:\Users\victo\.gradle\native\1def1411415f61bf3af743bc5b6707747c0891f09f0c88961ee8f79bc544acac\windows-amd64;C:\Users\victo\.gradle\native\0.2.7\x86_64-windows-gnu

VM Arguments:
jvm_args: --add-opens=java.base/java.lang=ALL-UNNAMED --add-opens=java.base/java.lang.invoke=ALL-UNNAMED --add-opens=java.base/java.util=ALL-UNNAMED --add-opens=java.prefs/java.util.prefs=ALL-UNNAMED --add-exports=jdk.compiler/com.sun.tools.javac.api=ALL-UNNAMED --add-exports=jdk.compiler/com.sun.tools.javac.util=ALL-UNNAMED --add-opens=java.base/java.util=ALL-UNNAMED --add-opens=java.prefs/java.util.prefs=ALL-UNNAMED --add-opens=java.base/java.nio.charset=ALL-UNNAMED --add-opens=java.base/java.net=ALL-UNNAMED --add-opens=java.base/java.util.concurrent.atomic=ALL-UNNAMED --add-opens=java.xml/javax.xml.namespace=ALL-UNNAMED --enable-native-access=ALL-UNNAMED -XX:MaxMetaspaceSize=384m -XX:+HeapDumpOnOutOfMemoryError -Xms256m -Xmx512m -Dfile.encoding=UTF-8 -Duser.country=AU -Duser.language=en -Duser.variant -javaagent:C:\Users\victo\.gradle\wrapper\dists\gradle-8.14-bin\38aieal9i53h9rfe7vjup95b9\gradle-8.14\lib\agents\gradle-instrumentation-agent-8.14.jar 
java_command: org.gradle.launcher.daemon.bootstrap.GradleDaemon 8.14
java_class_path (initial): C:\Users\victo\.gradle\wrapper\dists\gradle-8.14-bin\38aieal9i53h9rfe7vjup95b9\gradle-8.14\lib\gradle-daemon-main-8.14.jar
Launcher Type: SUN_STANDARD

[Global flags]
     intx CICompilerCount                          = 12                                        {product} {ergonomic}
   size_t CompressedClassSpaceSize                 = 335544320                                 {product} {ergonomic}
     uint ConcGCThreads                            = 3                                         {product} {ergonomic}
     uint G1ConcRefinementThreads                  = 13                                        {product} {ergonomic}
   size_t G1HeapRegionSize                         = 1048576                                   {product} {ergonomic}
     bool HeapDumpOnOutOfMemoryError               = true                                   {manageable} {command line}
   size_t InitialHeapSize                          = 268435456                                 {product} {command line}
   size_t MarkStackSize                            = 4194304                                   {product} {ergonomic}
   size_t MarkStackSizeMax                         = 536870912                                 {product} {ergonomic}
   size_t MaxHeapSize                              = 536870912                                 {product} {command line}
   size_t MaxMetaspaceSize                         = 402653184                                 {product} {command line}
   size_t MaxNewSize                               = 321912832                                 {product} {ergonomic}
   size_t MinHeapDeltaBytes                        = 1048576                                   {product} {ergonomic}
   size_t MinHeapSize                              = 268435456                                 {product} {command line}
    uintx NonNMethodCodeHeapSize                   = 7602176                                {pd product} {ergonomic}
    uintx NonProfiledCodeHeapSize                  = 122093568                              {pd product} {ergonomic}
    uintx ProfiledCodeHeapSize                     = 121962496                              {pd product} {ergonomic}
    uintx ReservedCodeCacheSize                    = 251658240                              {pd product} {ergonomic}
     bool SegmentedCodeCache                       = true                                      {product} {ergonomic}
   size_t SoftMaxHeapSize                          = 536870912                              {manageable} {ergonomic}
     bool UseCompressedOops                        = true                           {product lp64_product} {ergonomic}
     bool UseG1GC                                  = true                                      {product} {ergonomic}
     bool UseLargePagesIndividualAllocation        = false                                  {pd product} {ergonomic}

Logging:
Log output configuration:
 #0: stdout all=warning uptime,level,tags foldmultilines=false
 #1: stderr all=off uptime,level,tags foldmultilines=false

Environment Variables:
PATH=C:\Program Files (x86)\Microsoft SDKs\Azure\CLI2\wbin;C:\Windows\system32;C:\Windows;C:\Windows\System32\Wbem;C:\Windows\System32\WindowsPowerShell\v1.0\;C:\Windows\System32\OpenSSH\;C:\Program Files\Microsoft SQL Server\150\Tools\Binn\;C:\Program Files\Microsoft SQL Server\Client SDK\ODBC\170\Tools\Binn\;C:\Program Files\dotnet\;C:\Program Files (x86)\Microsoft SQL Server\160\DTS\Binn\;C:\Program Files (x86)\Microsoft SQL Server\160\Tools\Binn\;C:\Program Files\Microsoft SQL Server\160\Tools\Binn\;C:\Program Files\Microsoft SQL Server\160\DTS\Binn\;C:\Program Files\Git\cmd;C:\Program Files\GitHub CLI\;C:\Program Files\Docker\Docker\resources\bin;C:\Users\victo\AppData\Local\Microsoft\WindowsApps;C:\Users\victo\.dotnet\tools;C:\Users\victo\AppData\Local\Programs\Microsoft VS Code\bin
USERNAME=victo
OS=Windows_NT
PROCESSOR_IDENTIFIER=AMD64 Family 25 Model 80 Stepping 0, AuthenticAMD
TMP=C:\Users\victo\AppData\Local\Temp
TEMP=C:\Users\victo\AppData\Local\Temp




Periodic native trim disabled

---------------  S Y S T E M  ---------------

OS:
 Windows 11 , 64 bit Build 22621 (10.0.22621.5415)
OS uptime: 2 days 6:31 hours
Hyper-V role detected

CPU: total 16 (initial active 16) (16 cores per cpu, 2 threads per core) family 25 model 80 stepping 0 microcode 0x0, cx8, cmov, fxsr, ht, mmx, 3dnowpref, sse, sse2, sse3, ssse3, sse4a, sse4.1, sse4.2, popcnt, lzcnt, tsc, tscinvbit, avx, avx2, aes, erms, clmul, bmi1, bmi2, adx, sha, fma, vzeroupper, clflush, clflushopt, hv, rdtscp, rdpid, fsrm, f16c, cet_ss
Processor Information for the first 16 processors :
  Max Mhz: 3201, Current Mhz: 3201, Mhz Limit: 3201

Memory: 4k page, system-wide physical 5996M (292M free)
TotalPageFile size 24428M (AvailPageFile size 5M)
current process WorkingSet (physical memory assigned to process): 315M, peak: 316M
current process commit charge ("private bytes"): 463M, peak: 464M

vm_info: OpenJDK 64-Bit Server VM (24.0.2+12-54) for windows-amd64 JRE (24.0.2+12-54), built on 2025-07-08T12:10:27Z with MS VC++ 17.6 (VS2022)

END.
